2016-08-18_19:31:37.826 INFO   29325200 65.76228020635469 
2016-08-18_19:31:37.931 INFO   30485656 68.36462333237414 
2016-08-18_19:31:38.034 INFO   31446496 70.51932404416719 
2016-08-18_19:31:38.135 INFO   32556488 73.00850075671518 
2016-08-18_19:31:38.239 INFO   33853304 75.91663359700557 
2016-08-18_19:31:38.342 INFO   25475248 79.07096508905772 
2016-08-18_19:31:38.447 INFO   26518856 82.31015207301412 
2016-08-18_19:31:38.548 INFO   25804512 71.09458135809446 
2016-08-18_19:31:38.651 INFO   27044064 74.5096984706207 
2016-08-18_19:31:38.753 INFO   28183480 77.64892867628065 
2016-08-18_19:31:38.855 INFO   26821512 63.12778716298911 
2016-08-18_19:31:38.958 INFO   28161016 66.28047756373806 
2016-08-18_19:31:39.063 INFO   29404752 69.2077659841279 
2016-08-18_19:31:39.169 INFO   30617856 72.06295815668591 
2016-08-18_19:31:39.273 INFO   31724016 74.66644423339226 
2016-08-18_19:31:39.378 INFO   27556848 64.85849251999075 
2016-08-18_19:31:39.479 INFO   28641552 64.30597495867038 
2016-08-18_19:31:39.580 INFO   29699336 66.68091020714023 
2016-08-18_19:31:39.682 INFO   30848568 69.26116438518557 
2016-08-18_19:31:39.784 INFO   31931824 71.6932893346237 
2016-08-18_19:31:39.887 INFO   32946984 73.97252523423708 
2016-08-18_19:31:39.990 INFO   28617280 64.25147949612712 
2016-08-18_19:31:40.091 INFO   29529192 66.29890312165242 
2016-08-18_19:31:40.193 INFO   30525304 68.5353724766661 
2016-08-18_19:31:40.295 INFO   31868680 69.93127974232273 
2016-08-18_19:31:40.398 INFO   32917560 72.23289752806495 
2016-08-18_19:31:40.499 INFO   33977056 74.55781061394966 
2016-08-18_19:31:40.603 INFO   30076112 65.99774455149789 
2016-08-18_19:31:40.705 INFO   31121432 68.29155042423076 
2016-08-18_19:31:40.807 INFO   32261632 70.79355694480822 
2016-08-18_19:31:40.908 INFO   33300336 73.0728449477462 
2016-08-18_19:31:41.010 INFO   34414744 75.51825459744246 
2016-08-18_19:31:41.110 INFO   35455144 77.80126423084782 
2016-08-18_19:31:41.213 INFO   31430416 67.4423818368461 
2016-08-18_19:31:41.316 INFO   32562696 69.8719920623749 
2016-08-18_19:31:41.418 INFO   33410984 71.69222133339743 
2016-08-18_19:31:41.519 INFO   34542904 74.12105908243525 
2016-08-18_19:31:41.621 INFO   35523896 76.22604035417189 
2016-08-18_19:31:41.728 INFO   32041856 68.75439024139033 
2016-08-18_19:31:41.829 INFO   33065888 70.95172536915793 
2016-08-18_19:31:41.929 INFO   33884816 72.70895489080615 
2016-08-18_19:31:42.030 INFO   35014520 75.13303761788849 
2016-08-18_19:31:42.130 INFO   35988560 77.22310151027737 
2016-08-18_19:31:42.233 INFO   37079392 79.56377394247968 
2016-08-18_19:31:42.333 INFO   33034616 69.34903060117439 
2016-08-18_19:31:42.433 INFO   33917248 71.20192556376684 
2016-08-18_19:31:42.537 INFO   35006288 73.48812947441326 
2016-08-18_19:31:42.639 INFO   36038640 75.6553291911947 
2016-08-18_19:31:42.739 INFO   37011696 77.6980497822455 
2016-08-18_19:31:42.840 INFO   37984928 79.7411398472259 
2016-08-18_19:31:42.941 INFO   33756376 56.24325874836517 
2016-08-18_19:31:43.042 INFO   34891904 58.13522117703386 
2016-08-18_19:31:43.145 INFO   35865616 59.757573527961235 
2016-08-18_19:31:43.247 INFO   36868008 61.42771112280528 
2016-08-18_19:31:43.349 INFO   37961640 63.249868440625534 
2016-08-18_19:31:43.450 INFO   38830144 63.60335606949687 
2016-08-18_19:31:43.550 INFO   39930248 65.40531452799442 
2016-08-18_19:31:43.651 INFO   40959200 67.09072677973423 
2016-08-18_19:31:43.752 INFO   41954832 68.72156123170497 
2016-08-18_19:31:43.854 INFO   42936960 70.33027627767088 
2016-08-18_19:31:43.955 INFO   43918136 71.93743195792909 
2016-08-18_19:31:44.059 INFO   26758976 43.830913389945735 
2016-08-18_19:31:44.160 INFO   27780984 45.50495144475888 
2016-08-18_19:31:44.261 INFO   28778952 47.139612239474545 
2016-08-18_19:31:44.362 INFO   29786064 48.78925080733211 
2016-08-18_19:31:44.466 INFO   30804568 50.45754934802789 
2016-08-18_19:31:44.568 INFO   31900648 52.252916538029915 
2016-08-18_19:31:44.669 INFO   33083376 54.19021221525851 
2016-08-18_19:31:44.771 INFO   34197392 56.014958379349906 
2016-08-18_19:31:44.874 INFO   35210176 57.67388762188605 
2016-08-18_19:31:44.974 INFO   36344960 59.532651545449355 
2016-08-18_19:31:45.077 INFO   37316368 61.12380734731189 
2016-08-18_19:31:45.179 INFO   38293088 62.723664147745055 
2016-08-18_19:31:45.280 INFO   28339544 46.419866686025514 
2016-08-18_19:31:45.380 INFO   29474856 48.27949546788047 
2016-08-18_19:31:45.482 INFO   30609392 50.13785317012496 
2016-08-18_19:31:45.584 INFO   31773264 52.044262923210546 
2016-08-18_19:31:45.687 INFO   32867568 53.83672104441336 
2016-08-18_19:31:45.790 INFO   33992552 55.67943267392693 
2016-08-18_19:31:45.893 INFO   35012856 57.350679595162454 
2016-08-18_19:31:45.995 INFO   36136416 59.191058728071255 
2016-08-18_19:31:46.098 INFO   37104344 60.77651432755695 
2016-08-18_19:31:46.200 INFO   38244136 62.6434813009775 
2016-08-18_19:31:46.305 INFO   39036448 63.94127979109217 
2016-08-18_19:31:46.405 INFO   39730040 65.07737598849371 
2016-08-18_19:31:46.507 INFO   30629392 50.170612953899905 
2016-08-18_19:31:46.609 INFO   31619400 51.792235354673146 
2016-08-18_19:31:46.710 INFO   32588520 53.37964343727183 
2016-08-18_19:31:46.811 INFO   33665840 55.14428195009296 
2016-08-18_19:31:46.913 INFO   34631336 56.725753959871625 
2016-08-18_19:31:47.014 INFO   35640464 58.378694713933704 
2016-08-18_19:31:47.120 INFO   36721544 60.14949206610453 
2016-08-18_19:31:47.221 INFO   37572248 61.54293602092852 
2016-08-18_19:31:47.326 INFO   38652552 63.31246229348888 
2016-08-18_19:31:47.427 INFO   39675472 63.92014946648939 
2016-08-18_19:31:47.527 INFO   40807960 65.7446722403837 
2016-08-18_19:31:47.627 INFO   31632936 50.96302312884628 
2016-08-18_19:31:47.727 INFO   32764016 52.78527750955174 
2016-08-18_19:31:47.828 INFO   33888936 54.59760767005602 
2016-08-18_19:31:47.930 INFO   34807160 56.07693513271904 
2016-08-18_19:31:48.033 INFO   35768640 57.625951242950585 
2016-08-18_19:31:48.135 INFO   36913800 59.470889555544446 
2016-08-18_19:31:48.235 INFO   37908264 61.07304535394409 
2016-08-18_19:31:48.335 INFO   38861216 62.60832221906595 
2016-08-18_19:31:48.435 INFO   39819072 64.15149979455575 
2016-08-18_19:31:48.535 INFO   40925376 65.93383818829622 
2016-08-18_19:31:48.635 INFO   42033232 67.71867696998349 
2016-08-18_19:31:48.737 INFO   32879408 52.97118264225532 
2016-08-18_19:31:48.839 INFO   33948080 54.69289307258497 
2016-08-18_19:31:48.939 INFO   34900248 56.22690685513577 
2016-08-18_19:31:49.040 INFO   35967408 57.94618134050695 
2016-08-18_19:31:49.141 INFO   36963632 59.55117263039266 
2016-08-18_19:31:49.241 INFO   38029080 61.26768895586377 
2016-08-18_19:31:49.343 INFO   38981192 62.80161251823092 
2016-08-18_19:31:49.444 INFO   39974736 64.40228612789923 
2016-08-18_19:31:49.547 INFO   41082160 66.18642892531264 
2016-08-18_19:31:49.647 INFO   42072944 67.78265596878691 
2016-08-18_19:31:49.749 INFO   43138384 69.49915940566036 
2016-08-18_19:31:49.849 INFO   44132112 71.10012945307494 
2016-08-18_19:31:49.952 INFO   35114112 55.64632315168714 
2016-08-18_19:31:50.052 INFO   36067664 57.15744388667647 
2016-08-18_19:31:50.154 INFO   37133544 58.84657396978722 
2016-08-18_19:31:50.255 INFO   38127256 60.4213373888852 
2016-08-18_19:31:50.357 INFO   39075160 61.92350757905765 
2016-08-18_19:31:50.459 INFO   40068528 63.49772585165829 
2016-08-18_19:31:50.562 INFO   41147144 65.20703903299632 
2016-08-18_19:31:50.665 INFO   42119768 66.7483837040245 
2016-08-18_19:31:50.769 INFO   43226928 68.50293136681665 
2016-08-18_19:31:50.871 INFO   44220360 70.07725106202145 
2016-08-18_19:31:50.972 INFO   45210064 71.64566289053407 
2016-08-18_19:31:51.074 INFO   36863176 57.47815207602055 
2016-08-18_19:31:51.177 INFO   37824936 58.97775665541527 
2016-08-18_19:31:51.281 INFO   38797608 60.49437554728956 
2016-08-18_19:31:51.383 INFO   39905176 62.22132826396633 
2016-08-18_19:31:51.486 INFO   41011632 63.94654711742121 
2016-08-18_19:31:51.587 INFO   41966808 65.435885729682 
2016-08-18_19:31:51.688 INFO   43079944 67.17152023630435 
2016-08-18_19:31:51.792 INFO   44174864 68.87875181806162 
2016-08-18_19:31:51.895 INFO   45167200 70.4260313991403 
2016-08-18_19:31:51.996 INFO   46273352 72.15077624682229 
2016-08-18_19:31:52.099 INFO   47382512 73.88021125688867 
2016-08-18_19:31:52.201 INFO   38218560 52.05351924467416 
2016-08-18_19:31:52.302 INFO   39327776 53.56426680822707 
2016-08-18_19:31:52.404 INFO   40427368 55.06190652393822 
2016-08-18_19:31:52.505 INFO   41225552 56.149029801340376 
2016-08-18_19:31:52.607 INFO   42187064 57.45860513322062 
2016-08-18_19:31:52.708 INFO   43191656 58.82685524534012 
2016-08-18_19:31:52.810 INFO   44157856 60.14281561365866 
2016-08-18_19:31:52.911 INFO   45273376 60.80750427111651 
2016-08-18_19:31:53.012 INFO   46235280 62.09945523117754 
2016-08-18_19:31:53.112 INFO   47212128 63.41147775258685 
2016-08-18_19:31:53.212 INFO   48177320 64.70784488594238 
2016-08-18_19:31:53.313 INFO   26905008 36.13661125855566 
2016-08-18_19:31:53.414 INFO   27969896 37.56688192377535 
2016-08-18_19:31:53.517 INFO   29094040 39.07674041282087 
2016-08-18_19:31:53.618 INFO   30218600 40.58715763912021 
2016-08-18_19:31:53.719 INFO   31176800 41.874133688632924 
2016-08-18_19:31:53.819 INFO   32264224 43.33467287008284 
2016-08-18_19:31:53.921 INFO   33267600 44.6823256363695 
2016-08-18_19:31:54.022 INFO   34226184 45.96981744334727 
2016-08-18_19:31:54.124 INFO   35340360 47.466287728195816 
2016-08-18_19:31:54.226 INFO   36297096 48.751297452373024 
2016-08-18_19:31:54.328 INFO   37303056 50.10242083660159 
2016-08-18_19:31:54.435 INFO   38527544 51.74705319823353 
2016-08-18_19:31:54.536 INFO   39521760 53.082402999989256 
2016-08-18_19:31:54.636 INFO   40547248 54.459754800305156 
2016-08-18_19:31:54.736 INFO   41458488 55.68365800982088 
2016-08-18_19:31:54.837 INFO   42297424 56.81044838664618 
2016-08-18_19:31:54.939 INFO   43405064 58.29814004964165 
2016-08-18_19:31:55.041 INFO   29584632 39.73566355421363 
2016-08-18_19:31:55.143 INFO   30581728 41.07488153695724 
2016-08-18_19:31:55.246 INFO   31648424 42.50758056024155 
2016-08-18_19:31:55.347 INFO   32642480 43.8427154630535 
2016-08-18_19:31:55.447 INFO   33594960 45.12200887532638 
2016-08-18_19:31:55.548 INFO   34391968 46.1924849839363 
2016-08-18_19:31:55.648 INFO   35500040 47.68075687407996 
2016-08-18_19:31:55.748 INFO   36607640 49.1683948123395 
2016-08-18_19:31:55.850 INFO   37715968 50.657010540793195 
2016-08-18_19:31:55.950 INFO   38783240 52.090483200275074 
2016-08-18_19:31:56.054 INFO   39892960 53.58096854953958 
2016-08-18_19:31:56.156 INFO   40887408 54.91662995476377 
2016-08-18_19:31:56.258 INFO   42109320 56.55780244340099 
2016-08-18_19:31:56.360 INFO   43103200 57.89270095737479 
2016-08-18_19:31:56.462 INFO   44169344 59.32465857930308 
2016-08-18_19:31:56.562 INFO   31870040 42.80523708725972 
2016-08-18_19:31:56.663 INFO   32978352 44.293831325819035 
2016-08-18_19:31:56.765 INFO   34111360 45.815595216349514 
2016-08-18_19:31:56.866 INFO   35178704 47.24916458035609 
2016-08-18_19:31:56.968 INFO   36323544 48.78682024777848 
2016-08-18_19:31:57.068 INFO   37288656 50.083079931662134 
2016-08-18_19:31:57.168 INFO   38408080 51.586598901866395 
2016-08-18_19:31:57.271 INFO   39469088 53.011658267699616 
2016-08-18_19:31:57.375 INFO   40613744 54.54906680133667 
2016-08-18_19:31:57.478 INFO   41692216 55.99758238688257 
2016-08-18_19:31:57.579 INFO   42792568 57.47548540298924 
2016-08-18_19:31:57.679 INFO   43779928 58.80162678500435 
2016-08-18_19:31:57.779 INFO   44729232 60.076654453243364 
2016-08-18_19:31:57.881 INFO   45845592 61.576058108674395 
2016-08-18_19:31:57.983 INFO   46496696 62.45056787045892 
2016-08-18_19:31:58.084 INFO   33939040 45.5841490539074 
2016-08-18_19:31:58.185 INFO   35036096 47.05762515177238 
2016-08-18_19:31:58.287 INFO   35830768 48.12496373580324 
2016-08-18_19:31:58.390 INFO   36927520 49.598031525675054 
2016-08-18_19:31:58.492 INFO   38027184 51.075010476323506 
2016-08-18_19:31:58.592 INFO   39085936 52.49703976704954 
2016-08-18_19:31:58.693 INFO   40073208 53.82306295464558 
2016-08-18_19:31:58.795 INFO   41131400 55.24434009906841 
2016-08-18_19:31:58.897 INFO   42273240 56.77796641129509 
2016-08-18_19:31:59.000 INFO   43372736 58.254719718052584 
2016-08-18_19:31:59.102 INFO   44170256 59.32588350328258 
2016-08-18_19:31:59.204 INFO   45293280 60.834237699721704 
2016-08-18_19:31:59.305 INFO   46411072 62.33556470069949 
2016-08-18_19:31:59.407 INFO   47513128 63.81575639055734 
2016-08-18_19:31:59.511 INFO   35002424 47.012399669055625 
2016-08-18_19:31:59.615 INFO   36067296 48.44264884438093 
2016-08-18_19:31:59.717 INFO   37208192 49.975007252839355 
2016-08-18_19:31:59.817 INFO   38308464 51.452802819474144 
2016-08-18_19:31:59.917 INFO   38945648 52.30861637315053 
2016-08-18_19:32:00.019 INFO   39851928 53.52585771540933 
2016-08-18_19:32:00.119 INFO   40840728 54.85393318791838 
2016-08-18_19:32:00.219 INFO   41787552 56.12562992252893 
2016-08-18_19:32:00.322 INFO   42889456 57.60561745839019 
2016-08-18_19:32:00.423 INFO   43843920 58.88757561756584 
2016-08-18_19:32:00.525 INFO   44945272 60.36682175207109 
2016-08-18_19:32:00.626 INFO   46046112 61.84538020995627 
2016-08-18_19:32:00.728 INFO   47149232 63.32700097779019 
2016-08-18_19:32:00.830 INFO   48097448 64.60056733321156 
2016-08-18_19:32:00.931 INFO   49223896 66.1135203670474 
2016-08-18_19:32:01.032 INFO   50326760 67.59479729657129 
2016-08-18_19:32:01.135 INFO   38820384 52.14037199007167 
2016-08-18_19:32:01.237 INFO   39880408 53.56410972740069 
2016-08-18_19:32:01.339 INFO   40673032 54.62869760495127 
2016-08-18_19:32:01.440 INFO   40693696 54.65645180353938 
2016-08-18_19:32:01.541 INFO   41527408 55.77622572985054 
2016-08-18_19:32:01.641 INFO   42320040 56.84082435234831 
2016-08-18_19:32:01.741 INFO   43379256 58.26347685001128 
2016-08-18_19:32:01.842 INFO   44367456 59.59074645148119 
2016-08-18_19:32:01.943 INFO   45317064 60.86618242771337 
2016-08-18_19:32:02.043 INFO   46378064 62.29123104859939 
2016-08-18_19:32:02.143 INFO   47373312 63.62796694854245 
2016-08-18_19:32:02.244 INFO   48321016 64.90084562734374 
2016-08-18_19:32:02.344 INFO   49268864 66.17391771519443 
2016-08-18_19:32:02.445 INFO   50373968 67.65820322993112 
2016-08-18_19:32:02.546 INFO   51477128 69.139877722501 
2016-08-18_19:32:02.649 INFO   52583272 70.62556008037221 
2016-08-18_19:32:02.750 INFO   40005648 52.99776635354355 
2016-08-18_19:32:02.851 INFO   41010384 54.328797506319624 
2016-08-18_19:32:02.953 INFO   42033928 54.94240409570875 
2016-08-18_19:32:03.054 INFO   42843856 56.00105822540201 
2016-08-18_19:32:03.156 INFO   43905912 57.38926800499416 
2016-08-18_19:32:03.256 INFO   44872224 58.65233112834852 
2016-08-18_19:32:03.356 INFO   25045888 33.63415756680881 
2016-08-18_19:32:03.458 INFO   26138264 35.10111080504897 
2016-08-18_19:32:03.560 INFO   27153536 36.4645209752601 
2016-08-18_19:32:03.662 INFO   28230152 37.910310087746254 
2016-08-18_19:32:03.764 INFO   29231112 39.2545006534021 
2016-08-18_19:32:03.867 INFO   30308760 40.70167564011275 
2016-08-18_19:32:03.968 INFO   31302984 42.03682042207068 
2016-08-18_19:32:04.068 INFO   32409536 43.52281063027841 
2016-08-18_19:32:04.171 INFO   33516608 45.009499147203904 
2016-08-18_19:32:04.273 INFO   34624728 46.497595024776 
2016-08-18_19:32:04.376 INFO   35419256 47.564567772687404 
2016-08-18_19:32:04.489 INFO   36526216 49.051105884658305 
2016-08-18_19:32:04.589 INFO   37630416 50.5339375888195 
2016-08-18_19:32:04.692 INFO   38426504 51.603005262884224 
2016-08-18_19:32:04.793 INFO   39382736 52.88713053560064 
2016-08-18_19:32:04.895 INFO   40445256 54.31399011022964 
2016-08-18_19:32:04.996 INFO   41436328 55.644902067036774 
2016-08-18_19:32:05.097 INFO   27819168 37.35839910685241 
2016-08-18_19:32:05.198 INFO   28826056 38.710550391890855 
2016-08-18_19:32:05.299 INFO   29506640 39.62450758492186 
2016-08-18_19:32:05.401 INFO   30457048 40.900811799999225 
2016-08-18_19:32:05.505 INFO   31673392 42.53424183655623 
2016-08-18_19:32:05.606 INFO   32663384 43.8637034598726 
2016-08-18_19:32:05.707 INFO   33766264 45.34476253421175 
2016-08-18_19:32:05.809 INFO   34869536 46.826348025891996 
2016-08-18_19:32:05.911 INFO   35972448 48.30745007307532 
2016-08-18_19:32:06.012 INFO   37076776 49.790453668613196 
2016-08-18_19:32:06.113 INFO   38025480 51.06446957973848 
2016-08-18_19:32:06.215 INFO   39087104 52.490125914730704 
2016-08-18_19:32:06.316 INFO   40076888 53.819308214559975 
2016-08-18_19:32:06.417 INFO   41180104 55.30081850376292 
2016-08-18_19:32:06.520 INFO   28924304 38.84248776670559 
2016-08-18_19:32:06.621 INFO   29914112 40.171702296167986 
2016-08-18_19:32:06.722 INFO   31022504 41.66016344291552 
2016-08-18_19:32:06.822 INFO   32121576 43.13610874879837 
2016-08-18_19:32:06.923 INFO   33220992 44.61251601275606 
2016-08-18_19:32:07.024 INFO   34321264 46.09007280029531 
2016-08-18_19:32:07.126 INFO   35421072 47.567006481594085 
2016-08-18_19:32:07.226 INFO   36520368 49.043252597386136 
2016-08-18_19:32:07.329 INFO   37619608 50.51942351070088 
2016-08-18_19:32:07.430 INFO   38718744 51.995454762272075 
2016-08-18_19:32:07.532 INFO   39776512 53.41593286954175 
2016-08-18_19:32:07.633 INFO   40767736 54.74704894735869 
2016-08-18_19:32:07.735 INFO   41852520 56.203806878319384 
2016-08-18_19:32:07.835 INFO   42643680 57.26625673438184 
2016-08-18_19:32:07.936 INFO   43630040 58.590840939884856 
2016-08-18_19:32:08.037 INFO   31072864 41.72779195642897 
2016-08-18_19:32:08.138 INFO   32172248 43.20415624754249 
2016-08-18_19:32:08.241 INFO   33384136 44.831602315548736 
2016-08-18_19:32:08.342 INFO   34370488 46.15617577784071 
2016-08-18_19:32:08.443 INFO   35469824 47.63247560968797 
2016-08-18_19:32:08.544 INFO   36414872 48.901581873366766 
2016-08-18_19:32:08.646 INFO   37513816 50.37735528787294 
2016-08-18_19:32:08.746 INFO   38417584 51.59102658257167 
2016-08-18_19:32:08.847 INFO   39208648 52.65334752010162 
2016-08-18_19:32:08.949 INFO   40307704 54.12927133956239 
2016-08-18_19:32:09.050 INFO   41297864 55.458958570310664 
2016-08-18_19:32:09.151 INFO   42356024 56.87996309492143 
2016-08-18_19:32:09.252 INFO   43342848 58.20517040666492 
2016-08-18_19:32:09.353 INFO   44287944 59.47434112960997 
2016-08-18_19:32:09.454 INFO   45386816 60.95001785521675 
2016-08-18_19:32:09.555 INFO   32838848 44.09933430767095 
2016-08-18_19:32:09.656 INFO   33913200 45.54208309143203 
2016-08-18_19:32:09.756 INFO   34899640 46.866774729045474 
2016-08-18_19:32:09.858 INFO   35998520 48.342462197863306 
2016-08-18_19:32:09.958 INFO   36902192 49.55600457402954 
2016-08-18_19:32:10.059 INFO   37889528 50.88189945127975 
2016-08-18_19:32:10.161 INFO   38834056 52.15030740624078 
2016-08-18_19:32:10.263 INFO   39931944 53.62466271688932 
2016-08-18_19:32:10.364 INFO   41029832 55.09901802753786 
2016-08-18_19:32:10.464 INFO   41973816 56.36669544414798 
2016-08-18_19:32:10.564 INFO   42921304 57.63907838719478 
2016-08-18_19:32:10.666 INFO   44015672 59.108706684984554 
2016-08-18_19:32:10.766 INFO   45073888 60.52978641207262 
2016-08-18_19:32:10.866 INFO   46213280 62.05987750161041 
2016-08-18_19:32:10.967 INFO   47326696 63.55508538489273 
2016-08-18_19:32:11.068 INFO   36104120 48.48427258362623 
2016-08-18_19:32:11.171 INFO   37203040 49.96001376849927 
2016-08-18_19:32:11.273 INFO   38188448 51.28331953188821 
2016-08-18_19:32:11.374 INFO   38475432 51.66871074162105 
2016-08-18_19:32:11.477 INFO   38998912 52.37169275619657 
2016-08-18_19:32:11.579 INFO   39943000 53.63950983455025 
2016-08-18_19:32:11.681 INFO   40541288 54.442951615585564 
2016-08-18_19:32:11.784 INFO   41508088 55.74126867008931 
2016-08-18_19:32:11.886 INFO   42500392 57.073835081397014 
2016-08-18_19:32:11.991 INFO   43566552 58.505582817050424 
2016-08-18_19:32:12.094 INFO   44560480 59.84033010019978 
2016-08-18_19:32:12.197 INFO   45638440 61.287924072141095 
2016-08-18_19:32:12.300 INFO   46633232 62.62383162208306 
2016-08-18_19:32:12.400 INFO   47582016 63.89795496531877 
2016-08-18_19:32:12.501 INFO   48224184 64.760323258923 
2016-08-18_19:32:12.604 INFO   49130344 65.97720677372348 
2016-08-18_19:32:12.706 INFO   49192040 66.06005841728437 
2016-08-18_19:32:12.808 INFO   50293808 67.53962418528859 
2016-08-18_19:32:12.910 INFO   37775136 50.034904435597184 
2016-08-18_19:32:13.014 INFO   38836896 51.44125437259118 
2016-08-18_19:32:13.115 INFO   39785264 52.697411392112656 
2016-08-18_19:32:13.216 INFO   40773808 54.006783370823285 
2016-08-18_19:32:13.317 INFO   41721488 55.26202910271229 
2016-08-18_19:32:13.418 INFO   42680120 56.53178126214608 
2016-08-18_19:32:13.518 INFO   25270792 35.40226244607593 
2016-08-18_19:32:13.619 INFO   26229680 36.745584199996145 
2016-08-18_19:32:13.720 INFO   27350072 38.31515952737345 
2016-08-18_19:32:13.821 INFO   28457280 39.86626517528488 
2016-08-18_19:32:13.922 INFO   29565808 41.41922003260885 
2016-08-18_19:32:14.022 INFO   30638648 42.922178991815514 
2016-08-18_19:32:14.124 INFO   31635608 44.31883642812538 
2016-08-18_19:32:14.225 INFO   32714664 45.83050348256565 
2016-08-18_19:32:14.326 INFO   33706896 47.220537386979686 
2016-08-18_19:32:14.428 INFO   34834512 48.800232933142 
2016-08-18_19:32:14.529 INFO   35936472 50.34398657272234 
2016-08-18_19:32:14.630 INFO   36885032 51.67283966390563 
2016-08-18_19:32:14.731 INFO   37987976 53.21797180504805 
2016-08-18_19:32:14.832 INFO   39093400 54.7665782184201 
2016-08-18_19:32:14.935 INFO   40041872 56.09530802897588 
2016-08-18_19:32:15.036 INFO   41105048 57.58472853381677 
2016-08-18_19:32:15.139 INFO   27381688 38.3594508946363 
2016-08-18_19:32:15.241 INFO   28359944 39.72990559393693 
2016-08-18_19:32:15.341 INFO   29436088 41.23749318033983 
2016-08-18_19:32:15.442 INFO   30425592 42.62370538530127 
2016-08-18_19:32:15.542 INFO   31373784 43.952042939315 
2016-08-18_19:32:15.642 INFO   32476408 45.4967267872665 
2016-08-18_19:32:15.743 INFO   33579488 47.04204945301506 
2016-08-18_19:32:15.846 INFO   34795272 48.745260980605494 
2016-08-18_19:32:15.946 INFO   35788256 50.13634837401818 
2016-08-18_19:32:16.049 INFO   36580128 51.245694704267706 
2016-08-18_19:32:16.150 INFO   37698824 52.81289407773314 
2016-08-18_19:32:16.253 INFO   38797912 54.35262428592498 
2016-08-18_19:32:16.355 INFO   39855392 55.83406517196751 
2016-08-18_19:32:16.457 INFO   40687640 56.99997489558131 
2016-08-18_19:32:16.558 INFO   41786400 58.53924560325245 
2016-08-18_19:32:16.661 INFO   29420424 41.21554922864432 
2016-08-18_19:32:16.762 INFO   30365136 42.5390115942068 
2016-08-18_19:32:16.862 INFO   31155816 43.64668803232015 
2016-08-18_19:32:16.964 INFO   32254888 45.18639582585244 
2016-08-18_19:32:17.067 INFO   33314104 46.67026870245571 
2016-08-18_19:32:17.168 INFO   33992616 47.62080716982198 
2016-08-18_19:32:17.268 INFO   34320960 48.08078960569476 
2016-08-18_19:32:17.370 INFO   35231408 49.35625097783952 
2016-08-18_19:32:17.474 INFO   36330408 50.89585790540386 
2016-08-18_19:32:17.576 INFO   37316512 52.27730699521178 
2016-08-18_19:32:17.677 INFO   38415352 53.81668977618066 
2016-08-18_19:32:17.777 INFO   39472984 55.298343601488874 
2016-08-18_19:32:17.877 INFO   40458960 56.67961337402043 
2016-08-18_19:32:17.978 INFO   41557928 58.21917547226567 
2016-08-18_19:32:18.078 INFO   42504336 59.54501379174002 
2016-08-18_19:32:18.181 INFO   43603616 61.08501297584641 
2016-08-18_19:32:18.281 INFO   31040592 43.485268861599785 
2016-08-18_19:32:18.382 INFO   31988952 44.81384176953875 
2016-08-18_19:32:18.483 INFO   33238392 46.56420253348414 
2016-08-18_19:32:18.585 INFO   34337008 48.103271509219375 
2016-08-18_19:32:18.686 INFO   35394744 49.585071029814635 
2016-08-18_19:32:18.788 INFO   36534832 51.18223880309304 
2016-08-18_19:32:18.888 INFO   37633664 52.72161037673215 
2016-08-18_19:32:18.991 INFO   38691032 54.202894360157856 
2016-08-18_19:32:19.094 INFO   39637536 55.528867167589475 
2016-08-18_19:32:19.195 INFO   40623880 56.91065247729059 
2016-08-18_19:32:19.296 INFO   41722920 58.45031544150379 
2016-08-18_19:32:19.396 INFO   42821712 59.989630978494034 
2016-08-18_19:32:19.498 INFO   43766448 61.31312696604583 
2016-08-18_19:32:19.598 INFO   44865360 62.85261061298266 
2016-08-18_19:32:19.698 INFO   45809976 64.17593849058785 
2016-08-18_19:32:19.799 INFO   33209424 46.52362079237615 
2016-08-18_19:32:19.900 INFO   34195368 47.90484573558861 
2016-08-18_19:32:20.000 INFO   35144192 49.2340686686544 
2016-08-18_19:32:20.101 INFO   36241416 50.771187569009136 
2016-08-18_19:32:20.202 INFO   37186200 52.094750800539565 
2016-08-18_19:32:20.302 INFO   38286408 53.636050034899625 
2016-08-18_19:32:20.405 INFO   39190040 54.9019627620778 
2016-08-18_19:32:20.506 INFO   40021936 56.067379363181594 
2016-08-18_19:32:20.607 INFO   41121192 57.60734492529866 
2016-08-18_19:32:20.709 INFO   42219784 59.14638027904458 
2016-08-18_19:32:20.809 INFO   43323208 60.69218485997338 
2016-08-18_19:32:20.909 INFO   44418400 62.226457098565774 
2016-08-18_19:32:21.010 INFO   45476112 63.70822299717172 
2016-08-18_19:32:21.111 INFO   46464064 65.09226098015719 
2016-08-18_19:32:21.213 INFO   47562856 66.63157651714744 
2016-08-18_19:32:21.314 INFO   36432280 51.0385720427331 
2016-08-18_19:32:21.416 INFO   37531440 52.5784031168929 
2016-08-18_19:32:21.516 INFO   38630800 54.11851437429702 
2016-08-18_19:32:21.618 INFO   39729712 55.65799802123386 
2016-08-18_19:32:21.718 INFO   40674528 56.98160608208338 
2016-08-18_19:32:21.818 INFO   41773320 58.52092161907362 
2016-08-18_19:32:21.921 INFO   42830888 60.00248578574365 
2016-08-18_19:32:22.022 INFO   43818288 61.38575046297479 
2016-08-18_19:32:22.123 INFO   44876568 62.86831208199462 
2016-08-18_19:32:22.223 INFO   45862688 64.24978358646209 
2016-08-18_19:32:22.326 INFO   46831760 65.60737227118331 
2016-08-18_19:32:22.427 INFO   47926936 67.14162209511616 
2016-08-18_19:32:22.529 INFO   48874952 68.46971308787488 
2016-08-18_19:32:22.631 INFO   49827176 69.8036991360942 
2016-08-18_19:32:22.731 INFO   50926240 71.34339572229672 
2016-08-18_19:32:22.831 INFO   38387904 53.01186823637133 
2016-08-18_19:32:22.931 INFO   39185064 53.35240737214831 
2016-08-18_19:32:23.034 INFO   40288168 54.854338158374574 
2016-08-18_19:32:23.135 INFO   41253216 56.16829885599337 
2016-08-18_19:32:23.236 INFO   42318696 57.61900270087867 
2016-08-18_19:32:23.337 INFO   25097880 34.172007934893095 
2016-08-18_19:32:23.438 INFO   26209800 35.68594214220329 
2016-08-18_19:32:23.540 INFO   27286144 37.15143786170926 
2016-08-18_19:32:23.644 INFO   28233224 38.44093423650182 
2016-08-18_19:32:23.745 INFO   29221328 39.78628682120218 
2016-08-18_19:32:23.845 INFO   30325592 41.28979700493949 
2016-08-18_19:32:23.945 INFO   31384248 42.731209635501195 
2016-08-18_19:32:24.046 INFO   32532352 44.294410152759326 
2016-08-18_19:32:24.148 INFO   33478504 45.58264300954305 
2016-08-18_19:32:24.250 INFO   34577936 47.07957418571711 
2016-08-18_19:32:24.356 INFO   35646528 48.53451517289066 
2016-08-18_19:32:24.456 INFO   36646208 49.89562905551158 
2016-08-18_19:32:24.557 INFO   37758536 51.41011877504979 
2016-08-18_19:32:24.658 INFO   38857608 52.90655979337559 
2016-08-18_19:32:24.758 INFO   39957600 54.404253437313606 
2016-08-18_19:32:24.858 INFO   40905272 55.69455584945662 
2016-08-18_19:32:24.960 INFO   27125328 36.93247890469545 
2016-08-18_19:32:25.061 INFO   28226104 38.43124000350299 
2016-08-18_19:32:25.163 INFO   29018144 39.50964173164707 
2016-08-18_19:32:25.265 INFO   29963368 40.79661107042196 
2016-08-18_19:32:25.366 INFO   31062576 42.29323725949044 
2016-08-18_19:32:25.467 INFO   32162080 43.79026646723415 
2016-08-18_19:32:25.568 INFO   33261648 45.28738281415088 
2016-08-18_19:32:25.670 INFO   34361048 46.78427042073842 
2016-08-18_19:32:25.772 INFO   35460128 48.28072233146086 
2016-08-18_19:32:25.873 INFO   36560072 49.7783506210191 
2016-08-18_19:32:25.973 INFO   37463632 51.008592358155944 
2016-08-18_19:32:26.074 INFO   38454648 52.35790977522886 
2016-08-18_19:32:26.176 INFO   39400232 53.645369271852 
2016-08-18_19:32:26.278 INFO   40499376 55.14190832174745 
2016-08-18_19:32:26.381 INFO   41711640 56.79246585996125 
2016-08-18_19:32:26.482 INFO   29378696 40.00055115526937 
2016-08-18_19:32:26.588 INFO   30593224 41.65419124172886 
2016-08-18_19:32:26.689 INFO   31535104 42.936607558713284 
2016-08-18_19:32:26.790 INFO   32518384 44.27539202824703 
2016-08-18_19:32:26.892 INFO   33614280 45.767508765111565 
2016-08-18_19:32:26.994 INFO   34556328 47.05015382242518 
2016-08-18_19:32:27.095 INFO   35499960 48.33495557427111 
2016-08-18_19:32:27.195 INFO   36598840 49.83113517507785 
2016-08-18_19:32:27.295 INFO   37710680 51.34496045842176 
2016-08-18_19:32:27.398 INFO   38805464 52.83556315215502 
2016-08-18_19:32:27.499 INFO   39899976 54.325795504402926 
2016-08-18_19:32:27.601 INFO   40840992 55.60703544255154 
2016-08-18_19:32:27.702 INFO   41898288 57.04659636568651 
2016-08-18_19:32:27.802 INFO   42880504 58.38393214646875 
2016-08-18_19:32:27.907 INFO   43933872 59.81814490285943 
2016-08-18_19:32:28.008 INFO   31417192 42.77606452481484 
2016-08-18_19:32:28.108 INFO   32513552 44.26881302068379 
2016-08-18_19:32:28.211 INFO   33716784 45.9070730431047 
2016-08-18_19:32:28.313 INFO   34699384 47.244931658925076 
2016-08-18_19:32:28.413 INFO   35813072 48.76127308589003 
2016-08-18_19:32:28.516 INFO   36907072 50.250808324753756 
2016-08-18_19:32:28.617 INFO   37960384 51.68494483436804 
2016-08-18_19:32:28.717 INFO   38946400 53.027454503548526 
2016-08-18_19:32:28.818 INFO   40037320 54.51279616971051 
2016-08-18_19:32:28.919 INFO   41131688 56.002832458819114 
2016-08-18_19:32:29.020 INFO   42227792 57.49523239799597 
2016-08-18_19:32:29.121 INFO   43322992 58.98640149635388 
2016-08-18_19:32:29.222 INFO   44417208 60.47623082992656 
2016-08-18_19:32:29.325 INFO   45512240 61.96717118795527 
2016-08-18_19:32:29.429 INFO   33125752 45.102353672632944 
2016-08-18_19:32:29.531 INFO   34220288 46.59261870207073 
2016-08-18_19:32:29.633 INFO   35314864 48.082938193491664 
2016-08-18_19:32:29.735 INFO   36409288 49.57305072937666 
2016-08-18_19:32:29.836 INFO   37503344 51.06266221501678 
2016-08-18_19:32:29.937 INFO   38444384 52.34393483035528 
2016-08-18_19:32:30.039 INFO   39540856 53.83683581977702 
2016-08-18_19:32:30.141 INFO   40635672 55.32748208309679 
2016-08-18_19:32:30.242 INFO   41730272 56.8178342517076 
2016-08-18_19:32:30.342 INFO   42671232 58.09899794307982 
2016-08-18_19:32:30.445 INFO   43765864 59.589393681277144 
2016-08-18_19:32:30.546 INFO   44860152 61.07932104641947 
2016-08-18_19:32:30.646 INFO   45801336 62.36078972489727 
2016-08-18_19:32:30.747 INFO   46895456 63.85048834971042 
2016-08-18_19:32:30.849 INFO   34480128 46.94640374454454 
2016-08-18_19:32:30.949 INFO   35616000 48.49294978735863 
2016-08-18_19:32:31.049 INFO   36714520 49.98863923031711 
2016-08-18_19:32:31.152 INFO   37809896 51.480047961400835 
2016-08-18_19:32:31.254 INFO   38904160 52.96994264935328 
2016-08-18_19:32:31.356 INFO   39957160 54.40365435549907 
2016-08-18_19:32:31.459 INFO   40939336 55.74093567429817 
2016-08-18_19:32:31.559 INFO   41992584 57.17498504473943 
2016-08-18_19:32:31.663 INFO   44242336 60.23813393203754 
2016-08-18_19:32:31.764 INFO   45337024 61.728605917011265 
2016-08-18_19:32:31.866 INFO   46390256 63.16263350265927 
2016-08-18_19:32:31.966 INFO   47376240 64.50509960225324 
2016-08-18_19:32:32.066 INFO   48162064 65.57503793821745 
2016-08-18_19:32:32.166 INFO   49257184 67.06609811260908 
2016-08-18_19:32:32.267 INFO   50198200 68.3473380507577 
2016-08-18_19:32:32.368 INFO   37773344 51.43028060120801 
2016-08-18_19:32:32.470 INFO   38756104 52.768357064960945 
2016-08-18_19:32:32.571 INFO   39697264 54.04979306624886 
2016-08-18_19:32:32.671 INFO   40642328 55.33654455709119 
2016-08-18_19:32:32.771 INFO   41691952 56.765659671860014 
2016-08-18_19:32:32.871 INFO   42684712 58.11735163139781 
2016-08-18_19:32:32.973 INFO   43779008 59.60728988893677 
2016-08-18_19:32:33.073 INFO   44727192 60.89828941446397 
2016-08-18_19:32:33.174 INFO   45788968 62.34395007971056 
2016-08-18_19:32:33.275 INFO   46779000 63.69192773199825 
2016-08-18_19:32:33.376 INFO   47840024 65.13656451196181 
2016-08-18_19:32:33.477 INFO   48829632 66.48396486722822 
2016-08-18_19:32:33.578 INFO   49793280 67.79601939543713 
2016-08-18_19:32:33.680 INFO   50901944 69.30552039731977 
2016-08-18_19:32:33.781 INFO   25364336 34.53480098937817 
2016-08-18_19:32:33.883 INFO   26473504 36.04498821224837 
2016-08-18_19:32:33.985 INFO   27573568 37.54277988775603 
2016-08-18_19:32:34.087 INFO   28681176 39.050843093283795 
2016-08-18_19:32:34.191 INFO   29894648 40.7030453833884 
2016-08-18_19:32:34.293 INFO   30899040 42.070574887623145 
2016-08-18_19:32:34.394 INFO   32018456 43.594715270573666 
2016-08-18_19:32:34.496 INFO   33230984 45.24563225787618 
2016-08-18_19:32:34.598 INFO   34218448 46.59011345084632 
2016-08-18_19:32:34.699 INFO   35329872 48.10337232956558 
2016-08-18_19:32:34.801 INFO   36427248 49.59750415980627 
2016-08-18_19:32:34.903 INFO   37372272 50.88420118866546 
2016-08-18_19:32:35.005 INFO   38470592 52.37961832170824 
2016-08-18_19:32:35.107 INFO   39578632 53.88826971665391 
2016-08-18_19:32:35.208 INFO   40675288 55.38142123119809 
2016-08-18_19:32:35.310 INFO   27083424 36.87542453115857 
2016-08-18_19:32:35.410 INFO   28138824 38.312403956292734 
2016-08-18_19:32:35.512 INFO   29235784 39.805969381908774 
2016-08-18_19:32:35.613 INFO   30223776 41.15116947305635 
2016-08-18_19:32:35.713 INFO   31317304 42.64006206051903 
2016-08-18_19:32:35.814 INFO   32263840 43.92881775234088 
2016-08-18_19:32:35.916 INFO   33357520 45.41791729533949 
2016-08-18_19:32:36.017 INFO   34301952 46.703808286848215 
2016-08-18_19:32:36.120 INFO   35400272 48.199225419891 
2016-08-18_19:32:36.221 INFO   36497504 49.693161186992384 
2016-08-18_19:32:36.322 INFO   37553120 51.1304347068355 
2016-08-18_19:32:36.424 INFO   37573512 51.15819942583999 
2016-08-18_19:32:36.526 INFO   37789200 51.45186933132449 
2016-08-18_19:32:36.627 INFO   38732376 52.73605021656263 
2016-08-18_19:32:36.727 INFO   39792608 54.17960864926003 
2016-08-18_19:32:36.827 INFO   40821456 55.58043620998624 
2016-08-18_19:32:36.936 INFO   28735072 39.12422516936588 
2016-08-18_19:32:37.036 INFO   29873360 40.67406071596159 
2016-08-18_19:32:37.136 INFO   30973816 42.172386118904015 
2016-08-18_19:32:37.239 INFO   32217776 43.8660993325575 
2016-08-18_19:32:37.339 INFO   33155568 45.14294963486508 
2016-08-18_19:32:37.440 INFO   34246504 46.628313085820324 
2016-08-18_19:32:37.541 INFO   35448904 48.26544029899193 
2016-08-18_19:32:37.641 INFO   36428272 49.59889838657464 
2016-08-18_19:32:37.742 INFO   37365960 50.87560708772605 
2016-08-18_19:32:37.845 INFO   38568072 52.51234217461906 
2016-08-18_19:32:37.945 INFO   39547208 53.84548438269956 
2016-08-18_19:32:38.048 INFO   40639160 55.332231168026546 
2016-08-18_19:32:38.149 INFO   41730600 56.81828083996935 
2016-08-18_19:32:38.249 INFO   42821000 58.30291450035052 
2016-08-18_19:32:38.353 INFO   30536200 41.57655023856527 
2016-08-18_19:32:38.454 INFO   31473920 42.8533025093032 
2016-08-18_19:32:38.555 INFO   32453008 44.18637936300393 
2016-08-18_19:32:38.657 INFO   33543712 45.67142693445697 
2016-08-18_19:32:38.759 INFO   34634272 47.15627844277069 
2016-08-18_19:32:38.860 INFO   35571928 48.432943574335596 
2016-08-18_19:32:38.961 INFO   36662832 49.91826345570433 
2016-08-18_19:32:39.062 INFO   37713384 51.34864208848199 
2016-08-18_19:32:39.163 INFO   38693864 52.683614219195974 
2016-08-18_19:32:39.265 INFO   39784568 54.16866179064901 
2016-08-18_19:32:39.368 INFO   40986992 55.8058216810105 
2016-08-18_19:32:39.469 INFO   41660280 56.72253667361021 
2016-08-18_19:32:39.570 INFO   42750840 58.20738818192394 
2016-08-18_19:32:39.671 INFO   43841768 59.69274074048255 
2016-08-18_19:32:39.772 INFO   44932016 61.1771674453278 
2016-08-18_19:32:39.873 INFO   32506832 44.25966340751636 
2016-08-18_19:32:39.974 INFO   33638600 45.80062165086035 
2016-08-18_19:32:40.075 INFO   34731280 47.28835964428047 
2016-08-18_19:32:40.176 INFO   35933720 48.92554131943522 
2016-08-18_19:32:40.277 INFO   37024440 50.410610675681504 
2016-08-18_19:32:40.378 INFO   38022704 51.76979660409929 
2016-08-18_19:32:40.479 INFO   38960344 53.04643995087093 
2016-08-18_19:32:40.580 INFO   40051256 54.53177072463629 
2016-08-18_19:32:40.682 INFO   41100248 55.96002534007152 
2016-08-18_19:32:40.784 INFO   42079360 57.293134870962135 
2016-08-18_19:32:40.887 INFO   42864264 58.361820581314134 
2016-08-18_19:32:40.988 INFO   43803256 59.6403047431159 
2016-08-18_19:32:41.088 INFO   44745760 60.923570667037296 
2016-08-18_19:32:41.189 INFO   45792048 62.3481436524123 
2016-08-18_19:32:41.291 INFO   46770912 63.68091551900745 
2016-08-18_19:32:41.392 INFO   34334800 46.74853246740233 
2016-08-18_19:32:41.493 INFO   35160896 47.87330312799133 
2016-08-18_19:32:41.595 INFO   36210288 49.302102363257944 
2016-08-18_19:32:41.698 INFO   37192680 50.63967777676599 
2016-08-18_19:32:41.799 INFO   38238552 52.063684357516344 
2016-08-18_19:32:41.902 INFO   39370528 53.60492580317265 
2016-08-18_19:32:42.003 INFO   40461400 55.09020211495487 
2016-08-18_19:32:42.105 INFO   41512632 56.5215066014459 
2016-08-18_19:32:42.206 INFO   42491656 57.85449631597361 
2016-08-18_19:32:42.309 INFO   43540880 59.283066810911045 
2016-08-18_19:32:42.411 INFO   44519696 60.61577332312643 
2016-08-18_19:32:42.512 INFO   45610440 62.100875356562604 
2016-08-18_19:32:42.612 INFO   46548000 63.37740977936797 
2016-08-18_19:32:42.715 INFO   48870576 66.53971215316976 
2016-08-18_19:32:42.819 INFO   49919776 67.9682499709173 
2016-08-18_19:32:42.921 INFO   37267176 50.74110777416489 
2016-08-18_19:32:43.022 INFO   38317664 52.17139926776953 
2016-08-18_19:32:43.123 INFO   39297728 53.50580499385887 
2016-08-18_19:32:43.225 INFO   40235664 54.782851359305745 
2016-08-18_19:32:43.326 INFO   41330624 56.27369368576481 
2016-08-18_19:32:43.428 INFO   42429400 57.76973168541539 
2016-08-18_19:32:43.529 INFO   43375136 59.05739813757445 
2016-08-18_19:32:43.631 INFO   44473672 60.55310936532619 
2016-08-18_19:32:43.734 INFO   45068872 61.36350367444108 
2016-08-18_19:32:43.838 INFO   46026808 62.66778103145768 
2016-08-18_19:32:43.940 INFO   47164072 64.21622235128503 
2016-08-18_19:32:44.041 INFO   48219824 65.65368104187081 
2016-08-18_19:32:44.143 INFO   49164936 66.9404978870929 
2016-08-18_19:32:44.244 INFO   50147376 68.27813865498072 
2016-08-18_19:32:44.344 INFO   51092808 69.56539119606794 
2016-08-18_19:32:44.445 INFO   52146296 70.99976733840803 
2016-08-18_19:32:44.548 INFO   39730424 53.345421789813386 
2016-08-18_19:32:44.650 INFO   40825184 54.81533899881715 
2016-08-18_19:32:44.753 INFO   41878360 56.229422018391986 
2016-08-18_19:32:44.856 INFO   42827848 57.50428477456006 
2016-08-18_19:32:44.956 INFO   25677456 34.47672042989963 
2016-08-18_19:32:45.059 INFO   26668360 35.80719180451202 
2016-08-18_19:32:45.161 INFO   27780800 37.300847674277215 
2016-08-18_19:32:45.262 INFO   28879408 38.77593153297612 
2016-08-18_19:32:45.362 INFO   29979824 40.25344296512844 
2016-08-18_19:32:45.462 INFO   31079016 41.72931095153575 
2016-08-18_19:32:45.562 INFO   32180416 43.208143585169374 
2016-08-18_19:32:45.665 INFO   33124008 44.47508987392516 
2016-08-18_19:32:45.768 INFO   34224296 45.95242944247016 
2016-08-18_19:32:45.869 INFO   35286536 47.37868255373853 
2016-08-18_19:32:45.970 INFO   36118544 48.495806742810835 
2016-08-18_19:32:46.071 INFO   37218160 49.9722440274174 
2016-08-18_19:32:46.174 INFO   38318376 51.44948692268329 
2016-08-18_19:32:46.275 INFO   39261944 52.7164009870127 
2016-08-18_19:32:46.376 INFO   40359680 54.19031402488671 
2016-08-18_19:32:46.476 INFO   41456960 55.66361479865964 
2016-08-18_19:32:46.576 INFO   27547016 36.98694953697796 
2016-08-18_19:32:46.678 INFO   28468184 38.22378747002591 
2016-08-18_19:32:46.779 INFO   29607192 39.75311577978601 
2016-08-18_19:32:46.879 INFO   30706152 41.22867226340504 
2016-08-18_19:32:46.981 INFO   31803664 42.702284539966236 
2016-08-18_19:32:47.082 INFO   32595416 43.76535762453559 
2016-08-18_19:32:47.183 INFO   33539528 45.03300210919612 
2016-08-18_19:32:47.284 INFO   34638632 46.5087519393734 
2016-08-18_19:32:47.388 INFO   35694968 47.927077841754006 
2016-08-18_19:32:47.489 INFO   36683200 49.25396156356354 
2016-08-18_19:32:47.591 INFO   37776624 50.72208494616587 
2016-08-18_19:32:47.692 INFO   38410256 51.57285276831454 
2016-08-18_19:32:47.794 INFO   39360112 52.848209632353665 
2016-08-18_19:32:47.896 INFO   40300528 54.11089155535276 
2016-08-18_19:32:47.996 INFO   41241048 55.373713117532795 
2016-08-18_19:32:48.096 INFO   28879136 38.775566322810555 
2016-08-18_19:32:48.199 INFO   29973400 40.24481756033594 
2016-08-18_19:32:48.300 INFO   31066896 41.71303761621739 
2016-08-18_19:32:48.400 INFO   32160720 43.18169807259261 
2016-08-18_19:32:48.502 INFO   33101200 44.44446592739536 
2016-08-18_19:32:48.604 INFO   34041488 45.70697598678713 
2016-08-18_19:32:48.704 INFO   35093768 47.1198559611107 
2016-08-18_19:32:48.805 INFO   36034080 48.382398244928844 
2016-08-18_19:32:48.906 INFO   37169360 49.90672102712566 
2016-08-18_19:32:49.007 INFO   38109856 51.16951036487933 
2016-08-18_19:32:49.109 INFO   39205392 52.640469497002485 
2016-08-18_19:32:49.211 INFO   40299176 54.10907624600041 
2016-08-18_19:32:49.313 INFO   41239648 55.3718333593277 
2016-08-18_19:32:49.416 INFO   42445208 56.99052000342009 
2016-08-18_19:32:49.517 INFO   43426920 58.30864942273163 
2016-08-18_19:32:49.620 INFO   30865160 41.44216982960153 
2016-08-18_19:32:49.721 INFO   31805376 42.70458321571418 
2016-08-18_19:32:49.821 INFO   32857496 44.1172483605286 
2016-08-18_19:32:49.924 INFO   33379496 44.81812963414105 
2016-08-18_19:32:50.025 INFO   34320824 46.08203608534231 
2016-08-18_19:32:50.126 INFO   35261944 47.34566325818167 
2016-08-18_19:32:50.229 INFO   36202112 48.608012195441574 
2016-08-18_19:32:50.329 INFO   37254248 50.020698823206914 
2016-08-18_19:32:50.432 INFO   38235856 51.3386886033375 
2016-08-18_19:32:50.534 INFO   39176312 52.601424233713885 
2016-08-18_19:32:50.636 INFO   39809992 53.452256504715294 
2016-08-18_19:32:50.738 INFO   40750328 54.714831012959806 
2016-08-18_19:32:50.839 INFO   41537456 55.77169552471463 
2016-08-18_19:32:50.940 INFO   42477872 57.03437744771372 
2016-08-18_19:32:51.041 INFO   43572664 58.50433762261931 
2016-08-18_19:32:51.143 INFO   44667264 59.974040002113924 
2016-08-18_19:32:51.244 INFO   45633496 61.27138466641489 
2016-08-18_19:32:51.348 INFO   33070808 44.4036590621317 
2016-08-18_19:32:51.450 INFO   34052464 45.72171329111504 
2016-08-18_19:32:51.551 INFO   35149160 47.19422993717956 
2016-08-18_19:32:51.652 INFO   36239648 48.658411198288924 
2016-08-18_19:32:51.753 INFO   37332792 50.12615862925024 
2016-08-18_19:32:51.855 INFO   38426560 51.594743895297256 
2016-08-18_19:32:51.956 INFO   39519848 53.06268467281681 
2016-08-18_19:32:52.059 INFO   40615344 54.53359009756267 
2016-08-18_19:32:52.161 INFO   41709240 56.00234722721701 
2016-08-18_19:32:52.263 INFO   42803040 57.47097545916585 
2016-08-18_19:32:52.365 INFO   43896488 58.939131066194555 
2016-08-18_19:32:52.469 INFO   44948568 60.35174250363169 
2016-08-18_19:32:52.569 INFO   46083800 61.87600083697577 
2016-08-18_19:32:52.672 INFO   47177520 63.34452165417004 
2016-08-18_19:32:52.773 INFO   34602840 46.46069457817581 
2016-08-18_19:32:52.874 INFO   35585512 47.78011297454228 
2016-08-18_19:32:52.976 INFO   36678928 49.24822561566915 
2016-08-18_19:32:53.078 INFO   37774336 50.719012884184984 
2016-08-18_19:32:53.178 INFO   38715056 51.98210298325146 
2016-08-18_19:32:53.281 INFO   39767184 53.39477886954134 
2016-08-18_19:32:53.383 INFO   40860720 54.863052632800084 
2016-08-18_19:32:53.486 INFO   41995616 56.386859824174934 
2016-08-18_19:32:53.588 INFO   42938968 57.65348386866699 
2016-08-18_19:32:53.688 INFO   44032648 59.121950978483966 
2016-08-18_19:32:53.789 INFO   46428944 62.33942031264568 
2016-08-18_19:32:53.891 INFO   47369784 63.602671533844024 
2016-08-18_19:32:53.992 INFO   48274040 64.81680198777448 
2016-08-18_19:32:54.093 INFO   48950728 65.72538043083628 
2016-08-18_19:32:54.194 INFO   49124800 65.95910419531955 
2016-08-18_19:32:54.294 INFO   49298256 66.19200086619259 
2016-08-18_19:32:54.394 INFO   49935248 67.04728010803346 
2016-08-18_19:32:54.496 INFO   37396264 49.5251782554801 
2016-08-18_19:32:54.598 INFO   38490088 50.97376757392438 
2016-08-18_19:32:54.701 INFO   39430480 52.21916153707608 
2016-08-18_19:32:54.803 INFO   40524152 53.66754955661267 
2016-08-18_19:32:54.904 INFO   41464424 54.912784599574096 
2016-08-18_19:32:55.006 INFO   42408072 56.162490597222074 
2016-08-18_19:32:55.108 INFO   43500400 57.60909871062752 
2016-08-18_19:32:55.208 INFO   44555160 59.00595420979584 
2016-08-18_19:32:55.310 INFO   45541104 60.311674277178 
2016-08-18_19:32:55.410 INFO   46485544 61.56242914808183 
2016-08-18_19:32:55.511 INFO   47276264 62.60960725523642 
2016-08-18_19:32:55.613 INFO   48066552 63.656213249706 
2016-08-18_19:32:55.713 INFO   49014480 64.91158740080732 
2016-08-18_19:32:55.814 INFO   49958896 66.1623104876731 
2016-08-18_19:32:55.916 INFO   51057672 67.61745791263627 
2016-08-18_19:32:56.018 INFO   52003528 68.87008804178542 
2016-08-18_19:32:56.120 INFO   39446240 51.535730874279814 
2016-08-18_19:32:56.222 INFO   25531160 34.761940136259526 
2016-08-18_19:32:56.324 INFO   26754744 36.42791041570178 
2016-08-18_19:32:56.425 INFO   27743128 37.77364423428412 
2016-08-18_19:32:56.525 INFO   28838640 39.26523813611052 
2016-08-18_19:32:56.628 INFO   29948848 40.77684137054234 
2016-08-18_19:32:56.730 INFO   31046344 42.27113658673245 
2016-08-18_19:32:56.832 INFO   32143904 43.76551894209558 
2016-08-18_19:32:56.932 INFO   33241256 45.259618095146394 
2016-08-18_19:32:57.033 INFO   34186928 46.54719740813244 
2016-08-18_19:32:57.134 INFO   35286672 48.04455338777498 
2016-08-18_19:32:57.236 INFO   36384152 49.53882681917184 
2016-08-18_19:32:57.338 INFO   37286432 50.76732577284822 
2016-08-18_19:32:57.439 INFO   38230192 52.0523018030402 
2016-08-18_19:32:57.543 INFO   39327440 53.54625935493485 
2016-08-18_19:32:57.646 INFO   40315000 54.89087125666451 
2016-08-18_19:32:57.748 INFO   41412488 56.385155580458 
2016-08-18_19:32:57.848 INFO   27629840 37.6193970056366 
2016-08-18_19:32:57.950 INFO   28573528 38.90427500425893 
2016-08-18_19:32:58.052 INFO   29672496 40.400574421428566 
2016-08-18_19:32:58.154 INFO   30783864 41.913757053371434 
2016-08-18_19:32:58.256 INFO   31727368 43.19838452687132 
2016-08-18_19:32:58.357 INFO   32783344 44.636148204562694 
2016-08-18_19:32:58.458 INFO   33768736 45.97780826680621 
2016-08-18_19:32:58.559 INFO   34712512 47.26280608179144 
2016-08-18_19:32:58.659 INFO   35655944 48.54733552372168 
2016-08-18_19:32:58.761 INFO   36753408 50.04158717032528 
2016-08-18_19:32:58.862 INFO   37809192 51.47908943049758 
2016-08-18_19:32:58.963 INFO   38906888 52.973656956603385 
2016-08-18_19:32:59.066 INFO   39893280 54.31667856842538 
2016-08-18_19:32:59.168 INFO   40949784 55.75516114429419 
2016-08-18_19:32:59.270 INFO   41934976 57.096548896622004 
2016-08-18_19:32:59.373 INFO   29725624 40.472910827434376 
2016-08-18_19:32:59.473 INFO   30707280 41.80948414045266 
2016-08-18_19:32:59.576 INFO   31800808 43.29837672791534 
2016-08-18_19:32:59.677 INFO   32897728 44.79188769154824 
2016-08-18_19:32:59.777 INFO   33946424 46.21973928830823 
2016-08-18_19:32:59.877 INFO   34931616 47.561127040636045 
2016-08-18_19:32:59.977 INFO   36021696 49.0453250051521 
2016-08-18_19:33:00.079 INFO   36964136 50.32850378990048 
2016-08-18_19:33:00.180 INFO   38059240 51.81954217949885 
2016-08-18_19:33:00.282 INFO   39153944 53.31003594926583 
2016-08-18_19:33:00.383 INFO   40095304 54.59174426046945 
2016-08-18_19:33:00.487 INFO   41189928 56.082129106270145 
2016-08-18_19:33:00.590 INFO   42284656 57.572655553227 
2016-08-18_19:33:00.691 INFO   43379256 59.06300772183782 
2016-08-18_19:33:00.791 INFO   30845744 41.99800974128815 
2016-08-18_19:33:00.891 INFO   31937496 43.484484216699435 
2016-08-18_19:33:00.993 INFO   32878824 44.76614895831654 
2016-08-18_19:33:01.095 INFO   34129008 46.468336456546524 
2016-08-18_19:33:01.197 INFO   35073944 47.75491366904281 
2016-08-18_19:33:01.300 INFO   36168696 49.24547279318955 
2016-08-18_19:33:01.401 INFO   37371744 50.88348229048802 
2016-08-18_19:33:01.502 INFO   38355448 52.22284405704305 
2016-08-18_19:33:01.605 INFO   39408592 53.65675182632814 
2016-08-18_19:33:01.705 INFO   40544880 55.20386427376688 
2016-08-18_19:33:01.807 INFO   41597992 56.637728473465465 
2016-08-18_19:33:01.910 INFO   42580712 57.975750475235266 
2016-08-18_19:33:02.010 INFO   43676480 59.46769293375375 
2016-08-18_19:33:02.110 INFO   44730200 60.902384955596055 
2016-08-18_19:33:02.213 INFO   45712976 62.24048320414225 
2016-08-18_19:33:02.314 INFO   33335896 45.38847514725431 
2016-08-18_19:33:02.415 INFO   34430672 46.87906694859094 
2016-08-18_19:33:02.517 INFO   35525224 48.36935376282199 
2016-08-18_19:33:02.619 INFO   36619904 49.85981485539908 
2016-08-18_19:33:02.720 INFO   37714664 51.35038487194245 
2016-08-18_19:33:02.823 INFO   38809368 52.84087864170942 
2016-08-18_19:33:02.925 INFO   39904264 54.33163382899547 
2016-08-18_19:33:03.027 INFO   41000112 55.82368521148024 
2016-08-18_19:33:03.127 INFO   42095312 57.31485430983815 
2016-08-18_19:33:03.231 INFO   43301712 58.9574277213237 
2016-08-18_19:33:03.333 INFO   44438032 60.50458373834895 
2016-08-18_19:33:03.433 INFO   45379120 61.785921708067214 
2016-08-18_19:33:03.534 INFO   46473872 63.276480832213956 
2016-08-18_19:33:03.637 INFO   47680320 64.91911959807928 
2016-08-18_19:33:03.738 INFO   35191432 47.914879405919976 
2016-08-18_19:33:03.838 INFO   36286080 49.40529692891056 
2016-08-18_19:33:03.940 INFO   37380704 50.89568177471126 
2016-08-18_19:33:04.042 INFO   38323352 52.17914376177196 
2016-08-18_19:33:04.145 INFO   39376888 53.613585258491824 
2016-08-18_19:33:04.246 INFO   40513016 55.160479857998006 
2016-08-18_19:33:04.347 INFO   41607576 56.65077756462568 
2016-08-18_19:33:04.448 INFO   42702416 58.14145650513533 
2016-08-18_19:33:04.549 INFO   43643768 59.423153923942316 
2016-08-18_19:33:04.652 INFO   44278024 60.28672491339456 
2016-08-18_19:33:04.753 INFO   45331056 61.72048018912686 
2016-08-18_19:33:04.854 INFO   47491072 64.66144906344995 
2016-08-18_19:33:04.955 INFO   48473616 65.99923143249394 
2016-08-18_19:33:05.058 INFO   49570472 67.49265525695381 
2016-08-18_19:33:05.161 INFO   50624000 68.92708586127705 
2016-08-18_19:33:05.263 INFO   38086192 51.13773708047557 
2016-08-18_19:33:05.366 INFO   39028352 52.402760645124424 
2016-08-18_19:33:05.467 INFO   40015176 53.72775386725341 
2016-08-18_19:33:05.568 INFO   40960808 54.99743923225089 
2016-08-18_19:33:05.669 INFO   41906288 56.266920509214685 
2016-08-18_19:33:05.770 INFO   42964448 57.68769546799964 
2016-08-18_19:33:05.871 INFO   43909904 58.95714452053706 
2016-08-18_19:33:05.971 INFO   44897232 60.28281445561988 
2016-08-18_19:33:06.072 INFO   45956944 61.70567326064362 
2016-08-18_19:33:06.172 INFO   46944360 63.03146135195647 
2016-08-18_19:33:06.272 INFO   48002480 64.45218260336415 
2016-08-18_19:33:06.372 INFO   48989824 65.77787402139788 
2016-08-18_19:33:06.477 INFO   50047928 67.19857378985463 
2016-08-18_19:33:06.579 INFO   51035104 68.52403963690375 
2016-08-18_19:33:06.681 INFO   52134784 70.00056285331398 
2016-08-18_19:33:06.782 INFO   39885408 52.10949516351488 
2016-08-18_19:33:06.882 INFO   40832616 53.34700364518423 
2016-08-18_19:33:06.982 INFO   25625616 34.407115668933976 
2016-08-18_19:33:07.082 INFO   26689840 35.83603266611584 
2016-08-18_19:33:07.182 INFO   27691184 37.180521666200484 
2016-08-18_19:33:07.283 INFO   28638416 38.452355326289506 
2016-08-18_19:33:07.384 INFO   29586752 39.725671309991675 
2016-08-18_19:33:07.485 INFO   30535360 40.99935250385941 
2016-08-18_19:33:07.585 INFO   31637640 42.479366699793374 
2016-08-18_19:33:07.685 INFO   32697616 43.90257997350722 
2016-08-18_19:33:07.787 INFO   33686136 45.229850388433235 
2016-08-18_19:33:07.887 INFO   34633392 46.50171627294863 
2016-08-18_19:33:07.989 INFO   35738584 47.98564036594918 
2016-08-18_19:33:08.093 INFO   36996168 49.674178824942736 
2016-08-18_19:33:08.194 INFO   38097760 51.15326925398735 
2016-08-18_19:33:08.297 INFO   39157808 52.57657920098031 
2016-08-18_19:33:08.399 INFO   40303696 54.11514517963399 
2016-08-18_19:33:08.500 INFO   41405344 55.5943107990068 
2016-08-18_19:33:08.601 INFO   27777904 37.29695926016154 
2016-08-18_19:33:08.704 INFO   28879520 38.776081913632524 
2016-08-18_19:33:08.807 INFO   29785032 39.99189877920983 
2016-08-18_19:33:08.908 INFO   30927968 41.52650115341964 
2016-08-18_19:33:09.008 INFO   32031720 43.00849178083781 
2016-08-18_19:33:09.108 INFO   33092312 44.4325321481619 
2016-08-18_19:33:09.208 INFO   33926640 45.55277136511693 
2016-08-18_19:33:09.309 INFO   35028064 47.031636223176925 
2016-08-18_19:33:09.409 INFO   36093232 48.461820714462796 
2016-08-18_19:33:09.511 INFO   37191008 49.9357874597141 
2016-08-18_19:33:09.611 INFO   38176144 51.25851423052151 
2016-08-18_19:33:09.712 INFO   39123344 52.5303049247087 
2016-08-18_19:33:09.813 INFO   40176104 53.94382938755974 
2016-08-18_19:33:09.913 INFO   41161632 55.267082490664585 
2016-08-18_19:33:10.013 INFO   29004272 38.9435844819193 
2016-08-18_19:33:10.114 INFO   30102016 40.41750826126877 
2016-08-18_19:33:10.215 INFO   31044648 41.683165572969635 
2016-08-18_19:33:10.316 INFO   32099584 43.09961171714516 
2016-08-18_19:33:10.417 INFO   33237616 44.627629566899415 
2016-08-18_19:33:10.518 INFO   34180280 45.893329844502105 
2016-08-18_19:33:10.619 INFO   35430752 47.5723191318138 
2016-08-18_19:33:10.719 INFO   36526888 49.04408387459628 
2016-08-18_19:33:10.822 INFO   37469736 50.3100312061345 
2016-08-18_19:33:10.926 INFO   38524784 51.72662773096643 
2016-08-18_19:33:11.026 INFO   39622504 53.20051928588953 
2016-08-18_19:33:11.128 INFO   40719840 54.67389524999066 
2016-08-18_19:33:11.231 INFO   41857776 56.20178420203942 
2016-08-18_19:33:11.334 INFO   43107992 57.88042976213647 
2016-08-18_19:33:11.437 INFO   44009376 59.09070402637763 
2016-08-18_19:33:11.540 INFO   30962288 41.57258208313301 
2016-08-18_19:33:11.640 INFO   31752736 42.63390430720276 
2016-08-18_19:33:11.743 INFO   32849104 44.10598055277352 
2016-08-18_19:33:11.844 INFO   33987016 45.6338372803959 
2016-08-18_19:33:11.945 INFO   34929688 46.899548299474056 
2016-08-18_19:33:12.046 INFO   36027376 48.37339688849532 
2016-08-18_19:33:12.147 INFO   37124896 49.847019906531976 
2016-08-18_19:33:12.248 INFO   38179728 51.26332641152655 
2016-08-18_19:33:12.349 INFO   39276360 52.7357571257874 
2016-08-18_19:33:12.455 INFO   40372688 54.207779663980865 
2016-08-18_19:33:12.557 INFO   41469152 55.679984807257114 
2016-08-18_19:33:12.658 INFO   42565664 57.1522543993861 
2016-08-18_19:33:12.761 INFO   43662120 58.62444880118689 
2016-08-18_19:33:12.862 INFO   44646600 59.946294771006784 
2016-08-18_19:33:12.965 INFO   45742744 61.418070255264716 
2016-08-18_19:33:13.068 INFO   33104736 44.449213659547645 
2016-08-18_19:33:13.170 INFO   34048208 45.715998826171564 
2016-08-18_19:33:13.272 INFO   35032360 47.03740439549769 
2016-08-18_19:33:13.373 INFO   36128680 48.509416192215696 
2016-08-18_19:33:13.474 INFO   37183840 49.926163097704034 
2016-08-18_19:33:13.576 INFO   38168112 51.24772978916202 
2016-08-18_19:33:13.677 INFO   39264528 52.719870483585524 
2016-08-18_19:33:13.777 INFO   40319552 54.13643478399108 
2016-08-18_19:33:13.878 INFO   41416064 55.608704376120066 
2016-08-18_19:33:13.979 INFO   42358752 56.87443687814913 
2016-08-18_19:33:14.080 INFO   43191096 57.99201220919066 
2016-08-18_19:33:14.182 INFO   44288880 59.46598969591742 
2016-08-18_19:33:14.283 INFO   45231656 60.73184035417652 
2016-08-18_19:33:14.384 INFO   46286560 62.14824353245021 
2016-08-18_19:33:14.486 INFO   47270856 63.469842448334575 
2016-08-18_19:33:14.587 INFO   34951904 46.92937737681998 
2016-08-18_19:33:14.688 INFO   35941680 48.25833420339285 
2016-08-18_19:33:14.789 INFO   37038376 49.73085084945736 
2016-08-18_19:33:14.892 INFO   39490768 53.0236394095282 
2016-08-18_19:33:14.995 INFO   40437496 54.29479635666339 
2016-08-18_19:33:15.095 INFO   41532600 55.76517544911183 
2016-08-18_19:33:15.199 INFO   42618880 57.22370669413047 
2016-08-18_19:33:15.300 INFO   43661608 58.6237613467576 
2016-08-18_19:33:15.402 INFO   44606160 59.8919966125683 
2016-08-18_19:33:15.504 INFO   45551616 61.16144566510572 
2016-08-18_19:33:15.605 INFO   46651592 62.63836631610787 
2016-08-18_19:33:15.705 INFO   47600480 63.912423461616626 
2016-08-18_19:33:15.806 INFO   48542792 65.17765111429918 
2016-08-18_19:33:15.907 INFO   49642280 66.65391653529842 
2016-08-18_19:33:16.010 INFO   50589264 67.92541720964824 
2016-08-18_19:33:16.111 INFO   38420104 50.88108531895282 
2016-08-18_19:33:16.212 INFO   39211752 51.929492408912246 
2016-08-18_19:33:16.313 INFO   40157288 53.18169875088731 
2016-08-18_19:33:16.414 INFO   40949424 54.2307521162872 
2016-08-18_19:33:16.515 INFO   42007760 55.632343437125876 
2016-08-18_19:33:16.617 INFO   42953368 56.8846451312151 
2016-08-18_19:33:16.718 INFO   43940360 58.19175310159238 
2016-08-18_19:33:16.819 INFO   44577960 59.036149045949124 
2016-08-18_19:33:16.919 INFO   45678168 60.49319291851632 
2016-08-18_19:33:17.020 INFO   25585232 35.33198758601124 
2016-08-18_19:33:17.122 INFO   26382448 36.43290493612046 
2016-08-18_19:33:17.223 INFO   27175160 37.52760247661109 
2016-08-18_19:33:17.323 INFO   27813224 38.40873849003792 
2016-08-18_19:33:17.426 INFO   28914496 39.92954270368827 
2016-08-18_19:33:17.528 INFO   29974640 41.39355110694935 
2016-08-18_19:33:17.630 INFO   31119048 42.97392408341218 
2016-08-18_19:33:17.730 INFO   32077400 44.297362579769334 
2016-08-18_19:33:17.831 INFO   33180008 45.82001174582875 
2016-08-18_19:33:17.932 INFO   34126864 47.12757481337257 
2016-08-18_19:33:18.033 INFO   35075608 48.43774511905136 
2016-08-18_19:33:18.135 INFO   36024800 49.748534091406235 
2016-08-18_19:33:18.237 INFO   36776072 50.78600496435817 
2016-08-18_19:33:18.339 INFO   36796456 50.81415429812045 
2016-08-18_19:33:18.440 INFO   37784648 52.17880041415315 
2016-08-18_19:33:18.540 INFO   38887696 53.70205719926944 
2016-08-18_19:33:18.642 INFO   39991216 55.22596579391948 
2016-08-18_19:33:18.742 INFO   41092744 56.74712353138474 
2016-08-18_19:33:18.843 INFO   27452176 37.91014838720226 
2016-08-18_19:33:18.945 INFO   28553656 39.43123983895222 
2016-08-18_19:33:19.047 INFO   29656632 40.954397195495574 
2016-08-18_19:33:19.149 INFO   30758632 42.476206742494576 
2016-08-18_19:33:19.249 INFO   31551168 43.57066123536246 
2016-08-18_19:33:19.349 INFO   32652480 45.09152068710889 
2016-08-18_19:33:19.450 INFO   33753944 46.61259004362042 
2016-08-18_19:33:19.553 INFO   34968304 48.28956340250763 
2016-08-18_19:33:19.656 INFO   36069592 49.81038971139642 
2016-08-18_19:33:19.757 INFO   37061408 51.18004039893395 
2016-08-18_19:33:19.859 INFO   37854824 52.27571012991558 
2016-08-18_19:33:19.960 INFO   38907112 53.72886977110659 
2016-08-18_19:33:20.062 INFO   39852352 55.03420121956878 
2016-08-18_19:33:20.162 INFO   40839048 56.3967814308081 
2016-08-18_19:33:20.264 INFO   41936512 57.91232697771165 
2016-08-18_19:33:20.366 INFO   29702296 41.0174570059803 
2016-08-18_19:33:20.469 INFO   30687520 42.37800445528388 
2016-08-18_19:33:20.570 INFO   31785048 43.89363838314116 
2016-08-18_19:33:20.672 INFO   32882464 45.40911764432941 
2016-08-18_19:33:20.773 INFO   33982800 46.928629286531496 
2016-08-18_19:33:20.874 INFO   35080192 48.444075404862105 
2016-08-18_19:33:20.975 INFO   36023960 49.74737409138856 
2016-08-18_19:33:21.077 INFO   37081632 51.20796878031191 
2016-08-18_19:33:21.178 INFO   38067096 52.56884765819196 
2016-08-18_19:33:21.278 INFO   39164464 54.084260633664925 
2016-08-18_19:33:21.380 INFO   40262160 55.60012656152574 
2016-08-18_19:33:21.481 INFO   40859256 56.42468771694762 
2016-08-18_19:33:21.583 INFO   41690360 57.57240278205566 
2016-08-18_19:33:21.685 INFO   42633904 58.87539213524407 
2016-08-18_19:33:21.786 INFO   43690056 60.333887776516384 
2016-08-18_19:33:21.887 INFO   31188656 43.070049418210274 
2016-08-18_19:33:21.990 INFO   32286240 44.585760679402064 
2016-08-18_19:33:22.091 INFO   33344096 46.046609463567385 
2016-08-18_19:33:22.194 INFO   34329472 47.40736681763607 
2016-08-18_19:33:22.294 INFO   35426952 48.92293445977805 
2016-08-18_19:33:22.396 INFO   36525392 50.43982781622595 
2016-08-18_19:33:22.497 INFO   37622888 51.95541755360636 
2016-08-18_19:33:22.598 INFO   38566432 53.258406906794775 
2016-08-18_19:33:22.701 INFO   39663936 54.7740076917944 
2016-08-18_19:33:22.802 INFO   40608208 56.07800237833146 
2016-08-18_19:33:22.906 INFO   41673160 57.54865040074134 
2016-08-18_19:33:23.008 INFO   42505720 58.698376132546684 
2016-08-18_19:33:23.111 INFO   43296480 59.790378053948615 
2016-08-18_19:33:23.212 INFO   44352568 61.2487853142672 
2016-08-18_19:33:23.316 INFO   45449880 62.764120956405655 
2016-08-18_19:33:23.417 INFO   32953864 45.50771764583189 
2016-08-18_19:33:23.519 INFO   34051528 47.02353938321584 
2016-08-18_19:33:23.619 INFO   35190352 48.596201121465924 
2016-08-18_19:33:23.719 INFO   36133912 49.89921256989276 
2016-08-18_19:33:23.820 INFO   37231360 51.414736021557886 
2016-08-18_19:33:23.921 INFO   38287312 52.8729554723498 
2016-08-18_19:33:24.022 INFO   39386352 54.39067740023889 
2016-08-18_19:33:24.123 INFO   40372576 55.75260580194447 
2016-08-18_19:33:24.224 INFO   41470088 57.268217634563314 
2016-08-18_19:33:24.326 INFO   42415224 58.5734054639757 
2016-08-18_19:33:24.427 INFO   43358872 59.87653843621392 
2016-08-18_19:33:24.529 INFO   44456216 61.39191826882923 
2016-08-18_19:33:24.631 INFO   45358616 62.63808971638994 
2016-08-18_19:33:24.732 INFO   46455808 64.15325964424015 
2016-08-18_19:33:24.835 INFO   47440944 65.51368556973235 
2016-08-18_19:33:24.936 INFO   35157856 48.551325692210675 
2016-08-18_19:33:25.039 INFO   36256576 50.06860571533114 
2016-08-18_19:33:25.140 INFO   37354760 51.585145547964125 
2016-08-18_19:33:25.242 INFO   39527648 54.58580045083124 
2016-08-18_19:33:25.344 INFO   40512720 55.946137995369725 
2016-08-18_19:33:25.449 INFO   41569208 57.40509763664911 
2016-08-18_19:33:25.552 INFO   42554168 58.76528051451856 
2016-08-18_19:33:25.653 INFO   43610048 60.22340053673753 
2016-08-18_19:33:25.753 INFO   44441280 61.37129236375303 
2016-08-18_19:33:25.853 INFO   45386088 62.67602724077756 
2016-08-18_19:33:25.954 INFO   46487520 64.19705240681223 
2016-08-18_19:33:26.056 INFO   47436088 65.50697966486827 
2016-08-18_19:33:26.157 INFO   48229104 66.6020970148891 
2016-08-18_19:33:26.262 INFO   49134632 67.85258808156324 
2016-08-18_19:33:26.363 INFO   50122832 69.21724524521517 
2016-08-18_19:33:26.464 INFO   37977928 51.708831860173 
2016-08-18_19:33:26.566 INFO   39079704 53.208954508559025 
2016-08-18_19:33:26.667 INFO   40026400 54.49792804831344 
2016-08-18_19:33:26.770 INFO   41127752 55.99747339967819 
2016-08-18_19:33:26.871 INFO   42074488 57.28650140141575 
2016-08-18_19:33:26.972 INFO   43021704 58.57618294695098 
2016-08-18_19:33:27.073 INFO   44125096 60.078505859455845 
2016-08-18_19:33:27.176 INFO   45072384 61.36828543656072 
2016-08-18_19:33:27.276 INFO   46173904 62.86805952825466 
2016-08-18_19:33:27.377 INFO   25044936 34.09992205400973 
2016-08-18_19:33:27.478 INFO   26072472 35.49896326168896 
2016-08-18_19:33:27.579 INFO   27170960 36.99460913506093 
2016-08-18_19:33:27.680 INFO   28276944 38.500461184073224 
2016-08-18_19:33:27.783 INFO   29375160 39.99573671595984 
2016-08-18_19:33:27.884 INFO   30473160 41.490718153137514 
2016-08-18_19:33:27.985 INFO   31529864 42.92947303892202 
2016-08-18_19:33:28.087 INFO   32518104 44.27501079436506 
2016-08-18_19:33:28.190 INFO   33575544 45.714767780639335 
2016-08-18_19:33:28.293 INFO   34561128 47.05668926040191 
2016-08-18_19:33:28.395 INFO   35659320 48.55193211509865 
2016-08-18_19:33:28.497 INFO   36757328 50.046924444672946 
2016-08-18_19:33:28.598 INFO   37703664 51.3354078265791 
2016-08-18_19:33:28.698 INFO   38914376 52.98385223984709 
2016-08-18_19:33:28.798 INFO   39746160 54.11636739443852 
2016-08-18_19:33:28.901 INFO   40843992 55.611120091287 
2016-08-18_19:33:29.003 INFO   27058832 36.84194130392444 
2016-08-18_19:33:29.108 INFO   28114376 38.279116792197904 
2016-08-18_19:33:29.208 INFO   29100168 39.62132147427281 
2016-08-18_19:33:29.308 INFO   30198032 41.11611774070781 
2016-08-18_19:33:29.408 INFO   31101144 42.345749503633485 
2016-08-18_19:33:29.510 INFO   31778632 43.268183004462834 
2016-08-18_19:33:29.612 INFO   32722824 44.55374722407272 
2016-08-18_19:33:29.714 INFO   33667216 45.839583753598305 
2016-08-18_19:33:29.815 INFO   34611392 47.12512618841493 
2016-08-18_19:33:29.916 INFO   35555496 48.410570591661916 
2016-08-18_19:33:30.017 INFO   36655360 49.90808995725388 
2016-08-18_19:33:30.121 INFO   37404776 50.92845699616457 
2016-08-18_19:33:30.222 INFO   38391696 52.272197506164005 
2016-08-18_19:33:30.322 INFO   39335736 53.557554770237964 
2016-08-18_19:33:30.428 INFO   40546792 55.206467556560945 
2016-08-18_19:33:30.530 INFO   41224280 56.128901057390294 
2016-08-18_19:33:30.631 INFO   28831640 39.255707289061114 
2016-08-18_19:33:30.733 INFO   29775648 40.54102098354856 
2016-08-18_19:33:30.834 INFO   30873768 42.03616580667565 
2016-08-18_19:33:30.935 INFO   31859288 43.378000147265205 
2016-08-18_19:33:31.038 INFO   32958688 44.87488775385275 
2016-08-18_19:33:31.140 INFO   34057640 46.37116538622914 
2016-08-18_19:33:31.241 INFO   35001904 47.656827637408675 
2016-08-18_19:33:31.342 INFO   36058456 49.09537556765725 
2016-08-18_19:33:31.442 INFO   37044040 50.43729704741983 
2016-08-18_19:33:31.542 INFO   38142400 51.93276864244575 
2016-08-18_19:33:31.645 INFO   39240232 53.42752133929423 
2016-08-18_19:33:31.746 INFO   40184544 54.71324894485354 
2016-08-18_19:33:31.848 INFO   41282712 56.20845912236039 
2016-08-18_19:33:31.949 INFO   42380632 57.70333163557178 
2016-08-18_19:33:32.051 INFO   43480320 59.20061136843793 
2016-08-18_19:33:32.153 INFO   31023416 42.23991897799692 
2016-08-18_19:33:32.254 INFO   32008728 43.581470116274154 
2016-08-18_19:33:32.354 INFO   32952920 44.86703433588404 
2016-08-18_19:33:32.456 INFO   33589040 45.733143253750576 
2016-08-18_19:33:32.558 INFO   34645848 47.17203974069125 
2016-08-18_19:33:32.659 INFO   35015552 47.67541006605585 
2016-08-18_19:33:32.762 INFO   36072144 49.11401245828757 
2016-08-18_19:33:32.866 INFO   37057440 50.455541811771546 
2016-08-18_19:33:32.966 INFO   37543120 51.11681921105064 
2016-08-18_19:33:33.068 INFO   38639376 52.609426105763426 
2016-08-18_19:33:33.169 INFO   39122120 53.26670599548009 
2016-08-18_19:33:33.270 INFO   40066216 54.55213950633044 
2016-08-18_19:33:33.372 INFO   41164000 56.04682684879916 
2016-08-18_19:33:33.473 INFO   41184384 56.07458067540701 
2016-08-18_19:33:33.575 INFO   41204768 56.10233450201488 
2016-08-18_19:33:33.677 INFO   41225152 56.13008832862273 
2016-08-18_19:33:33.779 INFO   41245504 56.15779858564408 
2016-08-18_19:33:33.880 INFO   41265888 56.185552412251944 
2016-08-18_19:33:33.982 INFO   41286272 56.2133062388598 
2016-08-18_19:33:34.085 INFO   41306872 56.24135416017661 
2016-08-18_19:33:34.186 INFO   41327544 56.269500113063074 
2016-08-18_19:33:34.289 INFO   41347928 56.29725393967094 
2016-08-18_19:33:34.391 INFO   41368312 56.325007766278794 
2016-08-18_19:33:34.493 INFO   42425984 57.76508063205528 
2016-08-18_19:33:34.594 INFO   42796176 58.26911539361418 
2016-08-18_19:33:34.696 INFO   42816592 58.29691278980855 
2016-08-18_19:33:34.797 INFO   43760800 59.582498794211695 
2016-08-18_19:33:34.898 INFO   44866088 61.08740320471737 
2016-08-18_19:33:35.001 INFO   45345408 61.74002114867729 
2016-08-18_19:33:35.102 INFO   32636168 44.43576078379943 
2016-08-18_19:33:35.203 INFO   33734240 45.93084025254675 
2016-08-18_19:33:35.305 INFO   34986352 47.63565281836406 
2016-08-18_19:33:35.407 INFO   36084288 49.1305471163687 
2016-08-18_19:33:35.508 INFO   37182408 50.62569193949579 
2016-08-18_19:33:35.610 INFO   38393064 52.274060105987374 
2016-08-18_19:33:35.710 INFO   39227744 53.4105183081581 
2016-08-18_19:33:35.810 INFO   40322768 54.901447773790196 
2016-08-18_19:33:35.912 INFO   41533264 56.54959809234922 
2016-08-18_19:33:36.014 INFO   42520192 57.89334949474529 
2016-08-18_19:33:36.114 INFO   43619128 59.38960534232842 
2016-08-18_19:33:36.214 INFO   44675808 60.82832755092304 
2016-08-18_19:33:36.315 INFO   45661472 62.170357954651905 
2016-08-18_19:33:36.417 INFO   46451480 63.2459930140525 
2016-08-18_19:33:36.519 INFO   47242168 64.32255392716647 
2016-08-18_19:33:36.620 INFO   34795816 47.37622860787764 
2016-08-18_19:33:36.720 INFO   35781232 48.71792134731104 
2016-08-18_19:33:36.820 INFO   36728312 50.00741772210359 
2016-08-18_19:33:36.922 INFO   37980360 51.71214314874788 
2016-08-18_19:33:37.023 INFO   39079888 53.20920503368147 
2016-08-18_19:33:37.124 INFO   40178696 54.705286602918555 
2016-08-18_19:33:37.226 INFO   41389288 56.353567630237116 
2016-08-18_19:33:37.329 INFO   42487336 57.84861442179455 
2016-08-18_19:33:37.430 INFO   43473056 59.19072107229981 
2016-08-18_19:33:37.531 INFO   44529488 60.62910561659897 
2016-08-18_19:33:37.633 INFO   45473696 61.914691621002106 
2016-08-18_19:33:37.734 INFO   46458920 63.256122942916434 
2016-08-18_19:33:37.835 INFO   47557176 64.7514529367862 
2016-08-18_19:33:37.938 INFO   49891552 67.92982159561411 
2016-08-18_19:33:38.042 INFO   37471088 50.31184651548684 
2016-08-18_19:33:38.144 INFO   38415792 51.58028586933124 
2016-08-18_19:33:38.244 INFO   39401456 52.903721577518866 
2016-08-18_19:33:38.344 INFO   40457976 54.322294533835006 
2016-08-18_19:33:38.446 INFO   41443416 55.645429480709815 
2016-08-18_19:33:38.547 INFO   42387408 56.91291284323848 
2016-08-18_19:33:38.649 INFO   43485736 58.38762075029636 
2016-08-18_19:33:38.751 INFO   44388216 59.59936659667521 
2016-08-18_19:33:38.852 INFO   45374424 60.92353272519396 
2016-08-18_19:33:38.952 INFO   46472352 62.39770355847896 
2016-08-18_19:33:39.054 INFO   47417728 63.667045196261796 
2016-08-18_19:33:39.157 INFO   48475136 65.08681045635373 
2016-08-18_19:33:39.257 INFO   49460648 66.41004207650766 
2016-08-18_19:33:39.359 INFO   50558472 67.88407327061171 
2016-08-18_19:33:39.460 INFO   51615096 69.30278586610879 
2016-08-18_19:33:39.560 INFO   52600736 70.62618934987005 
2016-08-18_19:33:39.660 INFO   40076816 52.35956592248162 
2016-08-18_19:33:39.763 INFO   41174920 53.79421703792304 
2016-08-18_19:33:39.865 INFO   42232800 55.17631629446266 
2016-08-18_19:33:39.968 INFO   25490304 34.225434353043084 
2016-08-18_19:33:40.070 INFO   26600512 35.71609335115559 
2016-08-18_19:33:40.171 INFO   27742880 37.249933080607896 
2016-08-18_19:33:40.274 INFO   28842920 38.72693966341372 
2016-08-18_19:33:40.378 INFO   29901936 40.148863960072646 
2016-08-18_19:33:40.482 INFO   30889656 41.47506022745289 
2016-08-18_19:33:40.584 INFO   31838768 42.74941813427446 
2016-08-18_19:33:40.687 INFO   32935624 44.22214960984813 
2016-08-18_19:33:40.792 INFO   33881616 45.49231834124121 
2016-08-18_19:33:40.892 INFO   34828136 46.76319601001449 
2016-08-18_19:33:40.995 INFO   35619976 47.82638725081388 
2016-08-18_19:33:41.096 INFO   36722240 49.30637996379693 
2016-08-18_19:33:41.197 INFO   37822888 50.78420289873753 
2016-08-18_19:33:41.297 INFO   38922976 52.2612739303961 
2016-08-18_19:33:41.400 INFO   40023360 53.7387423966466 
2016-08-18_19:33:41.502 INFO   40660928 54.59479502472043 
2016-08-18_19:33:41.604 INFO   41760968 56.071801607526254 
2016-08-18_19:33:41.706 INFO   28110160 37.74307421886916 
2016-08-18_19:33:41.808 INFO   29055920 39.01293144747397 
2016-08-18_19:33:41.909 INFO   30156112 40.490142118313486 
2016-08-18_19:33:42.011 INFO   31257776 41.96932922063721 
2016-08-18_19:33:42.114 INFO   32358688 43.447506624267916 
2016-08-18_19:33:42.215 INFO   33462480 44.92955095906338 
2016-08-18_19:33:42.315 INFO   34559208 46.40211057102972 
2016-08-18_19:33:42.416 INFO   35659696 47.879718676461174 
2016-08-18_19:33:42.517 INFO   36605488 49.149618870967814 
2016-08-18_19:33:42.620 INFO   37705688 50.62684028328278 
2016-08-18_19:33:42.721 INFO   38806256 52.104555803468806 
2016-08-18_19:33:42.824 INFO   39906088 53.58128310791273 
2016-08-18_19:33:42.928 INFO   41006648 55.0589878866233 
2016-08-18_19:33:43.029 INFO   42107864 56.53757346632139 
2016-08-18_19:33:43.132 INFO   29699472 39.87701869919014 
2016-08-18_19:33:43.232 INFO   30799728 41.35431530183331 
2016-08-18_19:33:43.333 INFO   31899800 42.831364850540965 
2016-08-18_19:33:43.435 INFO   33000144 44.308779609414174 
2016-08-18_19:33:43.537 INFO   34100136 45.78572174336725 
2016-08-18_19:33:43.639 INFO   35200672 47.26339429765144 
2016-08-18_19:33:43.741 INFO   36300648 48.7403149486536 
2016-08-18_19:33:43.841 INFO   37401056 50.21781563933047 
2016-08-18_19:33:43.943 INFO   38500744 51.69434959721615 
2016-08-18_19:33:44.043 INFO   39602720 53.173955617082726 
2016-08-18_19:33:44.143 INFO   40703264 54.65163891284238 
2016-08-18_19:33:44.244 INFO   41803792 56.12930072565111 
2016-08-18_19:33:44.346 INFO   42903736 57.60617841075145 
2016-08-18_19:33:44.448 INFO   43853840 58.881868260529764 
2016-08-18_19:33:44.549 INFO   31463016 42.24490177350353 
2016-08-18_19:33:44.650 INFO   32562760 43.72151092171742 
2016-08-18_19:33:44.753 INFO   33621736 45.143381510999056 
2016-08-18_19:33:44.854 INFO   34763152 46.675943004871904 
2016-08-18_19:33:44.957 INFO   35709064 47.94600432151041 
2016-08-18_19:33:45.058 INFO   36924080 49.577387389593746 
2016-08-18_19:33:45.159 INFO   38066448 51.111227119046056 
2016-08-18_19:33:45.260 INFO   39125248 52.53286139586763 
2016-08-18_19:33:45.360 INFO   40112336 53.85820908668671 
2016-08-18_19:33:45.461 INFO   41212832 55.33582793359362 
2016-08-18_19:33:45.563 INFO   42312704 56.81260894541483 
2016-08-18_19:33:45.665 INFO   43258896 58.08304621369435 
2016-08-18_19:33:45.766 INFO   44359176 59.5603750407639 
2016-08-18_19:33:45.867 INFO   45263888 60.775117758795446 
2016-08-18_19:33:45.969 INFO   46096696 61.89331609541352 
2016-08-18_19:33:46.069 INFO   33571200 45.07552761053301 
2016-08-18_19:33:46.170 INFO   34673000 46.55489731793951 
2016-08-18_19:33:46.270 INFO   35773016 48.03187167631896 
2016-08-18_19:33:46.371 INFO   36873408 49.50935088404491 
2016-08-18_19:33:46.473 INFO   37973064 50.985841876028765 
2016-08-18_19:33:46.575 INFO   38414896 51.57908282407998 
2016-08-18_19:33:46.676 INFO   38435520 51.60677434780983 
2016-08-18_19:33:46.778 INFO   39227504 52.670158935167464 
2016-08-18_19:33:46.880 INFO   40031496 53.74966647718704 
2016-08-18_19:33:46.981 INFO   41172752 55.282013141550735 
2016-08-18_19:33:47.082 INFO   42287504 56.77877329772319 
2016-08-18_19:33:47.182 INFO   43388072 58.25648881790922 
2016-08-18_19:33:47.283 INFO   44488432 59.733925059733345 
2016-08-18_19:33:47.384 INFO   45434232 61.00383599571544 
2016-08-18_19:33:47.486 INFO   46534280 62.48085331999672 
2016-08-18_19:33:47.586 INFO   47634616 63.95825733739447 
2016-08-18_19:33:47.686 INFO   35104768 47.13462548986499 
2016-08-18_19:33:47.786 INFO   36050760 48.404794221258065 
2016-08-18_19:33:47.890 INFO   37263664 50.03334153982058 
2016-08-18_19:33:47.993 INFO   38404872 51.56562375533153 
2016-08-18_19:33:48.094 INFO   39515792 53.05723874475977 
2016-08-18_19:33:48.198 INFO   41929960 56.298704535093904 
2016-08-18_19:33:48.298 INFO   42917608 57.62480412919503 
2016-08-18_19:33:48.398 INFO   43863472 58.894800996980784 
2016-08-18_19:33:48.500 INFO   44809336 60.16479786476654 
2016-08-18_19:33:48.602 INFO   45868144 61.58644288306357 
2016-08-18_19:33:48.704 INFO   46855696 62.912413579459205 
2016-08-18_19:33:48.805 INFO   47801744 64.18265750118049 
2016-08-18_19:33:48.907 INFO   48901872 65.65978224021634 
2016-08-18_19:33:49.009 INFO   49807624 66.87592135005738 
2016-08-18_19:33:49.111 INFO   50642392 67.99675134816259 
2016-08-18_19:33:49.214 INFO   38115072 50.47712078993929 
2016-08-18_19:33:49.318 INFO   39173864 51.87931600750103 
2016-08-18_19:33:49.421 INFO   40120056 53.13239111318296 
2016-08-18_19:33:49.521 INFO   41107448 54.44002881752784 
2016-08-18_19:33:49.622 INFO   42208168 55.89775074957356 
2016-08-18_19:33:49.723 INFO   43153808 57.150094822380204 
2016-08-18_19:33:49.823 INFO   44103296 58.40753493595516 
2016-08-18_19:33:49.926 INFO   45199656 59.85948276775403 
2016-08-18_19:33:50.028 INFO   46301408 61.318571413436175 
2016-08-18_19:33:50.128 INFO   47248352 62.57264241897719 
2016-08-18_19:33:50.228 INFO   48195344 63.82677699259432 
2016-08-18_19:33:50.331 INFO   25345048 35.00030491429036 
2016-08-18_19:33:50.435 INFO   26420920 36.48603293693002 
2016-08-18_19:33:50.536 INFO   27256008 37.63924971640761 
2016-08-18_19:33:50.638 INFO   28368472 39.1755095493411 
2016-08-18_19:33:50.739 INFO   29007288 40.05768403897423 
2016-08-18_19:33:50.841 INFO   30114312 41.58643149084086 
2016-08-18_19:33:50.941 INFO   31227664 43.123917609507316 
2016-08-18_19:33:51.043 INFO   32294848 44.597647917678444 
2016-08-18_19:33:51.146 INFO   33289600 45.97135308146824 
2016-08-18_19:33:51.252 INFO   34356208 47.444287961055814 
2016-08-18_19:33:51.354 INFO   35352320 48.819871220112326 
2016-08-18_19:33:51.456 INFO   36460072 50.349624005327605 
2016-08-18_19:33:51.558 INFO   37412824 51.66532916823359 
2016-08-18_19:33:51.661 INFO   38319840 52.91787509208191 
2016-08-18_19:33:51.762 INFO   39309328 54.28431092242759 
2016-08-18_19:33:51.864 INFO   40412632 55.8079212313588 
2016-08-18_19:33:51.964 INFO   41515096 57.33037154027233 
2016-08-18_19:33:52.067 INFO   27722648 38.283657345274776 
2016-08-18_19:33:52.168 INFO   28712648 39.650800223250286 
2016-08-18_19:33:52.268 INFO   29815784 41.17417853217796 
2016-08-18_19:33:52.368 INFO   30918192 42.69655150775697 
2016-08-18_19:33:52.469 INFO   32021312 44.21990772144621 
2016-08-18_19:33:52.569 INFO   33123848 45.742457458932684 
2016-08-18_19:33:52.669 INFO   34226904 47.2657252916682 
2016-08-18_19:33:52.769 INFO   35176424 48.57696721641093 
2016-08-18_19:33:52.871 INFO   36238160 50.043174095895985 
2016-08-18_19:33:52.973 INFO   37227680 51.40965411671854 
2016-08-18_19:33:53.075 INFO   38445296 53.09112385662665 
2016-08-18_19:33:53.176 INFO   39436704 54.46021111558417 
2016-08-18_19:33:53.278 INFO   40539856 55.98361151975027 
2016-08-18_19:33:53.380 INFO   41642008 57.50563097151438 
2016-08-18_19:33:53.481 INFO   29284912 40.44106956862582 
2016-08-18_19:33:53.582 INFO   30387920 41.964271115646035 
2016-08-18_19:33:53.682 INFO   31490384 43.48672142455956 
2016-08-18_19:33:53.783 INFO   32593552 45.0101439239641 
2016-08-18_19:33:53.885 INFO   33695776 46.53226280430115 
2016-08-18_19:33:53.986 INFO   34798856 48.05556377989431 
2016-08-18_19:33:54.088 INFO   35902768 49.580013707885925 
2016-08-18_19:33:54.190 INFO   37006208 51.1038118263438 
2016-08-18_19:33:54.291 INFO   38108320 52.62577604001183 
2016-08-18_19:33:54.393 INFO   39211544 54.14927587275087 
2016-08-18_19:33:54.496 INFO   40159536 55.458407702223354 
2016-08-18_19:33:54.597 INFO   41261912 56.98073648732551 
2016-08-18_19:33:54.698 INFO   42323216 58.446346795372904 
2016-08-18_19:33:54.798 INFO   43426096 59.969371580485664 
2016-08-18_19:33:54.908 INFO   31038752 42.86303912934155 
2016-08-18_19:33:55.009 INFO   32029016 44.23054657875119 
2016-08-18_19:33:55.110 INFO   33133136 45.755283744842416 
2016-08-18_19:33:55.213 INFO   34236200 47.27856262519715 
2016-08-18_19:33:55.314 INFO   35342248 48.805962267519426 
2016-08-18_19:33:55.414 INFO   36441928 50.324568004945796 
2016-08-18_19:33:55.516 INFO   37658408 52.00446898292524 
2016-08-18_19:33:55.616 INFO   38648568 53.371832813285074 
2016-08-18_19:33:55.718 INFO   39750928 54.89413950314879 
2016-08-18_19:33:55.820 INFO   40854056 56.417506764457244 
2016-08-18_19:33:55.923 INFO   41805384 57.73124545114279 
2016-08-18_19:33:56.025 INFO   42864080 59.19325423532578 
2016-08-18_19:33:56.128 INFO   44009352 60.77482035466393 
2016-08-18_19:33:56.229 INFO   45111704 62.29711599690843 
2016-08-18_19:33:56.330 INFO   46059832 63.60643563590759 
2016-08-18_19:33:56.430 INFO   33528632 46.30144489602202 
2016-08-18_19:33:56.531 INFO   34589952 47.76707729930784 
2016-08-18_19:33:56.632 INFO   35424952 48.92017255497406 
2016-08-18_19:33:56.733 INFO   36528016 50.44345143532878 
2016-08-18_19:33:56.836 INFO   37434008 51.69458326391746 
2016-08-18_19:33:56.939 INFO   38268912 52.84754594815308 
2016-08-18_19:33:57.040 INFO   39218384 54.15872158718052 
2016-08-18_19:33:57.140 INFO   40322304 55.68318256279135 
2016-08-18_19:33:57.244 INFO   41383272 57.148328870831676 
2016-08-18_19:33:57.347 INFO   42527632 58.72863556157921 
2016-08-18_19:33:57.447 INFO   43629872 60.25077653715469 
2016-08-18_19:33:57.549 INFO   44845992 61.93018037226941 
2016-08-18_19:33:57.649 INFO   45484824 62.812376957140984 
2016-08-18_19:33:57.749 INFO   46474168 64.17861393034079 
2016-08-18_19:33:57.850 INFO   47422168 65.48775680743249 
2016-08-18_19:33:57.951 INFO   36274448 50.0932860966596 
2016-08-18_19:33:58.051 INFO   37336888 51.56046516663566 
2016-08-18_19:33:58.152 INFO   38327480 52.92842556843315 
2016-08-18_19:33:58.253 INFO   39430544 54.45170444878788 
2016-08-18_19:33:58.354 INFO   40532920 55.97403323389003 
2016-08-18_19:33:58.455 INFO   41635960 57.49727897138711 
2016-08-18_19:33:58.557 INFO   42078576 58.10851059974873 
2016-08-18_19:33:58.658 INFO   42604384 58.834626420337166 
2016-08-18_19:33:58.759 INFO   43552560 60.144012345051614 
2016-08-18_19:33:58.861 INFO   44613496 61.609114462615075 
2016-08-18_19:33:58.964 INFO   45603288 62.975970102490976 
2016-08-18_19:33:59.068 INFO   46665640 64.44302764865566 
2016-08-18_19:33:59.168 INFO   47656408 65.81123109807591 
2016-08-18_19:33:59.268 INFO   48607800 67.12505816571517 
2016-08-18_19:33:59.369 INFO   49665536 68.58574123559225 
2016-08-18_19:33:59.469 INFO   50654800 69.9518677325999 
2016-08-18_19:33:59.572 INFO   38286640 52.129158553646576 
2016-08-18_19:33:59.673 INFO   39388752 53.62973868269098 
2016-08-18_19:33:59.774 INFO   40449936 55.074593310587105 
2016-08-18_19:33:59.874 INFO   41440016 56.42263631725456 
2016-08-18_19:33:59.976 INFO   42388488 57.71402796906037 
2016-08-18_19:34:00.078 INFO   43345768 59.01741214955348 
2016-08-18_19:34:00.178 INFO   25841672 35.18471761897438 
2016-08-18_19:34:00.279 INFO   26833192 36.53472125703485 
2016-08-18_19:34:00.380 INFO   27934968 38.034843905420885 
2016-08-18_19:34:00.483 INFO   29191528 39.7457126437633 
2016-08-18_19:34:00.584 INFO   30293016 41.245443165870725 
2016-08-18_19:34:00.684 INFO   31395088 42.745968832931986 
2016-08-18_19:34:00.786 INFO   32496856 44.24608058892139 
2016-08-18_19:34:00.887 INFO   33447696 45.54069639012905 
2016-08-18_19:34:00.989 INFO   34546104 47.03623333953474 
2016-08-18_19:34:01.090 INFO   35649584 48.53867606840251 
2016-08-18_19:34:01.192 INFO   36751776 50.03936512141319 
2016-08-18_19:34:01.293 INFO   37853432 51.5393243838498 
2016-08-18_19:34:01.393 INFO   38955448 53.03977380413467 
2016-08-18_19:34:01.494 INFO   40169856 54.69325050464474 
2016-08-18_19:34:01.595 INFO   41158896 56.03987749975057 
2016-08-18_19:34:01.697 INFO   27543616 37.50199875478122 
2016-08-18_19:34:01.797 INFO   28491168 38.79213778097482 
2016-08-18_19:34:01.897 INFO   29593160 40.2925545240698 
2016-08-18_19:34:01.997 INFO   30694688 41.79233950816037 
2016-08-18_19:34:02.098 INFO   31797936 43.29446635752593 
2016-08-18_19:34:02.201 INFO   33012504 44.94816090596856 
2016-08-18_19:34:02.303 INFO   34114632 46.44876281980621 
2016-08-18_19:34:02.406 INFO   35257808 48.00525362074156 
2016-08-18_19:34:02.507 INFO   36318112 49.44891008500862 
2016-08-18_19:34:02.610 INFO   37306976 50.795297447388634 
2016-08-18_19:34:02.712 INFO   38367088 52.23869249413662 
2016-08-18_19:34:02.814 INFO   39047160 53.16464423907678 
2016-08-18_19:34:02.916 INFO   39994624 54.45466344890747 
2016-08-18_19:34:03.017 INFO   41097496 55.95627835563152 
2016-08-18_19:34:03.120 INFO   42158464 57.40083888881869 
2016-08-18_19:34:03.221 INFO   29794936 40.5672825518184 
2016-08-18_19:34:03.323 INFO   30784032 41.913985793700625 
2016-08-18_19:34:03.425 INFO   31844536 43.35791456788338 
2016-08-18_19:34:03.526 INFO   32833136 44.70394248117467 
2016-08-18_19:34:03.629 INFO   33893200 46.147272173542895 
2016-08-18_19:34:03.729 INFO   34882064 47.49365953592291 
2016-08-18_19:34:03.831 INFO   35983984 48.99397824744824 
2016-08-18_19:34:03.935 INFO   37198576 50.64770547308075 
2016-08-18_19:34:04.036 INFO   38188576 51.99563955578192 
2016-08-18_19:34:04.137 INFO   39290832 53.49641574796563 
2016-08-18_19:34:04.239 INFO   40238248 54.78636960341655 
2016-08-18_19:34:04.340 INFO   41494448 56.49674818391071 
2016-08-18_19:34:04.443 INFO   42441728 57.78651686861896 
2016-08-18_19:34:04.544 INFO   43543560 59.28671576378139 
2016-08-18_19:34:04.647 INFO   31260616 42.56287853801381 
2016-08-18_19:34:04.748 INFO   32249352 43.90909162204778 
2016-08-18_19:34:04.849 INFO   33351128 45.40921427043381 
2016-08-18_19:34:04.950 INFO   34567464 47.0653160385312 
2016-08-18_19:34:05.051 INFO   35718536 48.63255763493828 
2016-08-18_19:34:05.151 INFO   36820512 50.132952593240006 
2016-08-18_19:34:05.251 INFO   37767920 51.4228955562943 
2016-08-18_19:34:05.353 INFO   38869304 52.92248447724557 
2016-08-18_19:34:05.453 INFO   39816600 54.21227494674707 
2016-08-18_19:34:05.553 INFO   40763872 55.5020327390587 
2016-08-18_19:34:05.655 INFO   41865736 57.002275203807635 
2016-08-18_19:34:05.755 INFO   42812984 58.292000318929375 
2016-08-18_19:34:05.856 INFO   43914872 59.7922754608682 
2016-08-18_19:34:05.957 INFO   45016392 61.29204955256213 
2016-08-18_19:34:06.070 INFO   32761328 44.60617232904274 
2016-08-18_19:34:06.170 INFO   33750720 45.9532785896002 
2016-08-18_19:34:06.272 INFO   34852880 47.45392407302437 
2016-08-18_19:34:06.374 INFO   35954776 48.95421010735982 
2016-08-18_19:34:06.476 INFO   36901984 50.24388076049842 
2016-08-18_19:34:06.579 INFO   38003808 51.74406876326422 
2016-08-18_19:34:06.680 INFO   39105320 53.24383196256152 
2016-08-18_19:34:06.780 INFO   40207120 54.74398728813744 
2016-08-18_19:34:06.880 INFO   41421872 56.39793236170251 
2016-08-18_19:34:06.981 INFO   42564960 57.954303346274955 
2016-08-18_19:34:07.083 INFO   43668016 59.456168778121445 
2016-08-18_19:34:07.184 INFO   44769856 60.956378565680495 
2016-08-18_19:34:07.285 INFO   45871728 62.45663192282606 
2016-08-18_19:34:07.386 INFO   46973456 63.95668921683232 
2016-08-18_19:34:07.487 INFO   48075096 65.45662669447569 
2016-08-18_19:34:07.589 INFO   35684504 48.58622137968324 
2016-08-18_19:34:07.690 INFO   36786160 50.08618064211985 
2016-08-18_19:34:07.795 INFO   39355336 53.58424114197629 
2016-08-18_19:34:07.896 INFO   40189456 54.71993687638306 
2016-08-18_19:34:07.998 INFO   41291704 56.220702176170136 
2016-08-18_19:34:08.100 INFO   42394784 57.72260028520651 
2016-08-18_19:34:08.202 INFO   43342216 59.0125759254507 
2016-08-18_19:34:08.305 INFO   44402144 60.45572044707624 
2016-08-18_19:34:08.407 INFO   45390848 61.8018899615237 
2016-08-18_19:34:08.508 INFO   46450872 63.24516519190878 
2016-08-18_19:34:08.608 INFO   47439832 64.59168326304832 
2016-08-18_19:34:08.711 INFO   48387344 65.88176782725878 
2016-08-18_19:34:08.814 INFO   49448032 67.32594712656399 
2016-08-18_19:34:08.914 INFO   50436848 68.67226913456423 
2016-08-18_19:34:09.015 INFO   37913568 51.621202529301634 
2016-08-18_19:34:09.118 INFO   38973992 53.06502237951811 
2016-08-18_19:34:09.221 INFO   39963072 54.41170383660708 
2016-08-18_19:34:09.323 INFO   41023360 55.85533851608088 
2016-08-18_19:34:09.425 INFO   42011984 57.20139910656206 
2016-08-18_19:34:09.525 INFO   42959320 58.49124403804671 
2016-08-18_19:34:09.627 INFO   44019536 59.934780685950855 
2016-08-18_19:34:09.727 INFO   45008528 61.28134232667692 
2016-08-18_19:34:09.829 INFO   46110320 62.7814867598562 
2016-08-18_19:34:09.933 INFO   25337360 34.498071827948934 
2016-08-18_19:34:10.034 INFO   26341472 35.8652200983017 
2016-08-18_19:34:10.135 INFO   27440960 37.36222752125215 
2016-08-18_19:34:10.236 INFO   28539072 38.85736145198261 
2016-08-18_19:34:10.340 INFO   29637376 40.352756800232136 
2016-08-18_19:34:10.441 INFO   30581680 41.638473513394814 
2016-08-18_19:34:10.542 INFO   31679560 43.133291564623065 
2016-08-18_19:34:10.645 INFO   32319264 44.004280276178896 
2016-08-18_19:34:10.748 INFO   33414224 45.49512260263796 
2016-08-18_19:34:10.849 INFO   34512272 46.9901693941954 
2016-08-18_19:34:10.950 INFO   35610472 48.48542314128876 
2016-08-18_19:34:11.051 INFO   36556080 49.772915315101784 
2016-08-18_19:34:11.155 INFO   37613472 51.21260694699629 
2016-08-18_19:34:11.257 INFO   38753168 52.764359555398514 
2016-08-18_19:34:11.360 INFO   39851200 54.25938456216269 
2016-08-18_19:34:11.462 INFO   40950224 55.75576022610873 
2016-08-18_19:34:11.564 INFO   27311320 37.185716233897224 
2016-08-18_19:34:11.665 INFO   28297968 38.529086402411316 
2016-08-18_19:34:11.766 INFO   29396376 40.024623351817006 
2016-08-18_19:34:11.867 INFO   30340560 41.31017667903026 
2016-08-18_19:34:11.969 INFO   31592752 43.01509816881385 
2016-08-18_19:34:12.069 INFO   32652800 44.45840607638881 
2016-08-18_19:34:12.169 INFO   33793112 46.01099739933138 
2016-08-18_19:34:12.271 INFO   34891088 47.505946159319166 
2016-08-18_19:34:12.372 INFO   35835128 48.791303423393124 
2016-08-18_19:34:12.472 INFO   36933576 50.28689483478195 
2016-08-18_19:34:12.573 INFO   38043288 51.79782274062284 
2016-08-18_19:34:12.673 INFO   39144920 53.297749325869574 
2016-08-18_19:34:12.775 INFO   40085632 54.57857535294633 
2016-08-18_19:34:12.878 INFO   41183624 56.073545897727364 
2016-08-18_19:34:12.978 INFO   28937520 39.39986815843122 
2016-08-18_19:34:13.080 INFO   30078896 40.953908170125295 
2016-08-18_19:34:13.180 INFO   31136184 42.393458200863634 
2016-08-18_19:34:13.284 INFO   32234144 43.888385176058165 
2016-08-18_19:34:13.386 INFO   33219608 45.23014326987133 
2016-08-18_19:34:13.487 INFO   34317800 46.72538612456806 
2016-08-18_19:34:13.588 INFO   35416408 48.22119538388945 
2016-08-18_19:34:13.690 INFO   36514640 49.716492700569326 
2016-08-18_19:34:13.791 INFO   37612640 51.21147413774699 
2016-08-18_19:34:13.891 INFO   38864744 52.91627581116767 
2016-08-18_19:34:13.994 INFO   39921352 54.35489998819264 
2016-08-18_19:34:14.095 INFO   40912280 55.704097588902656 
2016-08-18_19:34:14.196 INFO   42007072 57.19471117503254 
2016-08-18_19:34:14.298 INFO   43105400 58.69013920047195 
2016-08-18_19:34:14.399 INFO   44203160 60.18479386575078 
2016-08-18_19:34:14.501 INFO   31765192 43.24988377812798 
2016-08-18_19:34:14.603 INFO   32904704 44.80138586140776 
2016-08-18_19:34:14.703 INFO   34002976 46.29673764007077 
2016-08-18_19:34:14.806 INFO   35059688 47.73550341825191 
2016-08-18_19:34:14.908 INFO   36045064 49.07714169570217 
2016-08-18_19:34:15.009 INFO   37144464 50.57402930228971 
2016-08-18_19:34:15.110 INFO   38202328 52.014363585585265 
2016-08-18_19:34:15.213 INFO   39300400 53.50944305433258 
2016-08-18_19:34:15.315 INFO   40285952 54.85132096450865 
2016-08-18_19:34:15.418 INFO   41496472 56.49950396025756 
2016-08-18_19:34:15.522 INFO   42636008 58.05103872072723 
2016-08-18_19:34:15.622 INFO   43580016 59.33635241521468 
2016-08-18_19:34:15.725 INFO   44524296 60.62203645118747 
2016-08-18_19:34:15.829 INFO   45734944 62.27039372528243 
2016-08-18_19:34:15.930 INFO   33241384 45.25979237349244 
2016-08-18_19:34:16.032 INFO   34340792 46.75669087247661 
2016-08-18_19:34:16.134 INFO   35286016 48.0436602112515 
2016-08-18_19:34:16.236 INFO   36496296 49.691516435101576 
2016-08-18_19:34:16.336 INFO   37481920 51.0334923768473 
2016-08-18_19:34:16.438 INFO   38579784 52.52828864328229 
2016-08-18_19:34:16.540 INFO   39678000 54.02356417516891 
